{"C:\\Users\\ITS-TECH-DEV-03.LAPTOP-G2R915KD\\Desktop\\book-app\\api\\test\\test.js":{"path":"C:\\Users\\ITS-TECH-DEV-03.LAPTOP-G2R915KD\\Desktop\\book-app\\api\\test\\test.js","statementMap":{"0":{"start":{"line":3,"column":12},"end":{"line":3,"column":51}},"1":{"start":{"line":5,"column":16},"end":{"line":5,"column":60}},"2":{"start":{"line":7,"column":0},"end":{"line":7,"column":32}},"3":{"start":{"line":9,"column":13},"end":{"line":9,"column":56}},"4":{"start":{"line":11,"column":39},"end":{"line":11,"column":95}},"5":{"start":{"line":13,"column":0},"end":{"line":13,"column":43}},"6":{"start":{"line":15,"column":13},"end":{"line":15,"column":36}},"7":{"start":{"line":16,"column":0},"end":{"line":161,"column":3}},"8":{"start":{"line":17,"column":2},"end":{"line":34,"column":5}},"9":{"start":{"line":18,"column":15},"end":{"line":22,"column":5}},"10":{"start":{"line":24,"column":4},"end":{"line":33,"column":7}},"11":{"start":{"line":25,"column":6},"end":{"line":25,"column":39}},"12":{"start":{"line":26,"column":6},"end":{"line":31,"column":9}},"13":{"start":{"line":32,"column":6},"end":{"line":32,"column":13}},"14":{"start":{"line":35,"column":2},"end":{"line":45,"column":5}},"15":{"start":{"line":36,"column":15},"end":{"line":39,"column":5}},"16":{"start":{"line":41,"column":4},"end":{"line":44,"column":7}},"17":{"start":{"line":42,"column":6},"end":{"line":42,"column":39}},"18":{"start":{"line":43,"column":6},"end":{"line":43,"column":13}},"19":{"start":{"line":46,"column":2},"end":{"line":55,"column":5}},"20":{"start":{"line":47,"column":4},"end":{"line":54,"column":7}},"21":{"start":{"line":48,"column":6},"end":{"line":48,"column":39}},"22":{"start":{"line":49,"column":6},"end":{"line":49,"column":50}},"23":{"start":{"line":50,"column":6},"end":{"line":50,"column":53}},"24":{"start":{"line":51,"column":6},"end":{"line":51,"column":53}},"25":{"start":{"line":52,"column":6},"end":{"line":52,"column":59}},"26":{"start":{"line":53,"column":6},"end":{"line":53,"column":13}},"27":{"start":{"line":56,"column":2},"end":{"line":67,"column":5}},"28":{"start":{"line":57,"column":17},"end":{"line":57,"column":18}},"29":{"start":{"line":59,"column":4},"end":{"line":66,"column":7}},"30":{"start":{"line":60,"column":6},"end":{"line":60,"column":39}},"31":{"start":{"line":61,"column":6},"end":{"line":61,"column":47}},"32":{"start":{"line":62,"column":6},"end":{"line":62,"column":50}},"33":{"start":{"line":63,"column":6},"end":{"line":63,"column":50}},"34":{"start":{"line":64,"column":6},"end":{"line":64,"column":56}},"35":{"start":{"line":65,"column":6},"end":{"line":65,"column":13}},"36":{"start":{"line":68,"column":2},"end":{"line":76,"column":5}},"37":{"start":{"line":69,"column":17},"end":{"line":69,"column":21}},"38":{"start":{"line":71,"column":4},"end":{"line":75,"column":7}},"39":{"start":{"line":72,"column":6},"end":{"line":72,"column":39}},"40":{"start":{"line":73,"column":6},"end":{"line":73,"column":99}},"41":{"start":{"line":74,"column":6},"end":{"line":74,"column":13}},"42":{"start":{"line":77,"column":2},"end":{"line":85,"column":5}},"43":{"start":{"line":78,"column":17},"end":{"line":78,"column":22}},"44":{"start":{"line":80,"column":4},"end":{"line":84,"column":7}},"45":{"start":{"line":81,"column":6},"end":{"line":81,"column":39}},"46":{"start":{"line":82,"column":6},"end":{"line":82,"column":89}},"47":{"start":{"line":83,"column":6},"end":{"line":83,"column":13}},"48":{"start":{"line":86,"column":2},"end":{"line":103,"column":5}},"49":{"start":{"line":87,"column":17},"end":{"line":87,"column":18}},"50":{"start":{"line":88,"column":22},"end":{"line":93,"column":5}},"51":{"start":{"line":95,"column":4},"end":{"line":102,"column":7}},"52":{"start":{"line":96,"column":6},"end":{"line":96,"column":39}},"53":{"start":{"line":97,"column":6},"end":{"line":97,"column":53}},"54":{"start":{"line":98,"column":6},"end":{"line":98,"column":59}},"55":{"start":{"line":99,"column":6},"end":{"line":99,"column":59}},"56":{"start":{"line":100,"column":6},"end":{"line":100,"column":71}},"57":{"start":{"line":101,"column":6},"end":{"line":101,"column":13}},"58":{"start":{"line":104,"column":2},"end":{"line":118,"column":5}},"59":{"start":{"line":105,"column":17},"end":{"line":105,"column":23}},"60":{"start":{"line":106,"column":22},"end":{"line":111,"column":5}},"61":{"start":{"line":113,"column":4},"end":{"line":117,"column":7}},"62":{"start":{"line":114,"column":6},"end":{"line":114,"column":39}},"63":{"start":{"line":115,"column":6},"end":{"line":115,"column":100}},"64":{"start":{"line":116,"column":6},"end":{"line":116,"column":13}},"65":{"start":{"line":119,"column":2},"end":{"line":133,"column":5}},"66":{"start":{"line":120,"column":17},"end":{"line":120,"column":22}},"67":{"start":{"line":121,"column":22},"end":{"line":126,"column":5}},"68":{"start":{"line":128,"column":4},"end":{"line":132,"column":7}},"69":{"start":{"line":129,"column":6},"end":{"line":129,"column":39}},"70":{"start":{"line":130,"column":6},"end":{"line":130,"column":89}},"71":{"start":{"line":131,"column":6},"end":{"line":131,"column":13}},"72":{"start":{"line":134,"column":2},"end":{"line":142,"column":5}},"73":{"start":{"line":135,"column":17},"end":{"line":135,"column":18}},"74":{"start":{"line":137,"column":4},"end":{"line":141,"column":7}},"75":{"start":{"line":138,"column":6},"end":{"line":138,"column":39}},"76":{"start":{"line":139,"column":6},"end":{"line":139,"column":43}},"77":{"start":{"line":140,"column":6},"end":{"line":140,"column":13}},"78":{"start":{"line":143,"column":2},"end":{"line":151,"column":5}},"79":{"start":{"line":144,"column":17},"end":{"line":144,"column":20}},"80":{"start":{"line":146,"column":4},"end":{"line":150,"column":7}},"81":{"start":{"line":147,"column":6},"end":{"line":147,"column":39}},"82":{"start":{"line":148,"column":6},"end":{"line":148,"column":107}},"83":{"start":{"line":149,"column":6},"end":{"line":149,"column":13}},"84":{"start":{"line":152,"column":2},"end":{"line":160,"column":5}},"85":{"start":{"line":153,"column":17},"end":{"line":153,"column":22}},"86":{"start":{"line":155,"column":4},"end":{"line":159,"column":7}},"87":{"start":{"line":156,"column":6},"end":{"line":156,"column":39}},"88":{"start":{"line":157,"column":6},"end":{"line":157,"column":85}},"89":{"start":{"line":158,"column":6},"end":{"line":158,"column":13}}},"fnMap":{"0":{"name":"_interopRequireDefault","decl":{"start":{"line":11,"column":9},"end":{"line":11,"column":31}},"loc":{"start":{"line":11,"column":37},"end":{"line":11,"column":97}},"line":11},"1":{"name":"(anonymous_1)","decl":{"start":{"line":16,"column":40},"end":{"line":16,"column":41}},"loc":{"start":{"line":16,"column":52},"end":{"line":161,"column":1}},"line":16},"2":{"name":"(anonymous_2)","decl":{"start":{"line":17,"column":32},"end":{"line":17,"column":33}},"loc":{"start":{"line":17,"column":48},"end":{"line":34,"column":3}},"line":17},"3":{"name":"(anonymous_3)","decl":{"start":{"line":24,"column":119},"end":{"line":24,"column":120}},"loc":{"start":{"line":24,"column":139},"end":{"line":33,"column":5}},"line":24},"4":{"name":"(anonymous_4)","decl":{"start":{"line":35,"column":63},"end":{"line":35,"column":64}},"loc":{"start":{"line":35,"column":79},"end":{"line":45,"column":3}},"line":35},"5":{"name":"(anonymous_5)","decl":{"start":{"line":41,"column":119},"end":{"line":41,"column":120}},"loc":{"start":{"line":41,"column":139},"end":{"line":44,"column":5}},"line":41},"6":{"name":"(anonymous_6)","decl":{"start":{"line":46,"column":32},"end":{"line":46,"column":33}},"loc":{"start":{"line":46,"column":48},"end":{"line":55,"column":3}},"line":46},"7":{"name":"(anonymous_7)","decl":{"start":{"line":47,"column":107},"end":{"line":47,"column":108}},"loc":{"start":{"line":47,"column":127},"end":{"line":54,"column":5}},"line":47},"8":{"name":"(anonymous_8)","decl":{"start":{"line":56,"column":40},"end":{"line":56,"column":41}},"loc":{"start":{"line":56,"column":56},"end":{"line":67,"column":3}},"line":56},"9":{"name":"(anonymous_9)","decl":{"start":{"line":59,"column":123},"end":{"line":59,"column":124}},"loc":{"start":{"line":59,"column":143},"end":{"line":66,"column":5}},"line":59},"10":{"name":"(anonymous_10)","decl":{"start":{"line":68,"column":60},"end":{"line":68,"column":61}},"loc":{"start":{"line":68,"column":76},"end":{"line":76,"column":3}},"line":68},"11":{"name":"(anonymous_11)","decl":{"start":{"line":71,"column":123},"end":{"line":71,"column":124}},"loc":{"start":{"line":71,"column":143},"end":{"line":75,"column":5}},"line":71},"12":{"name":"(anonymous_12)","decl":{"start":{"line":77,"column":64},"end":{"line":77,"column":65}},"loc":{"start":{"line":77,"column":80},"end":{"line":85,"column":3}},"line":77},"13":{"name":"(anonymous_13)","decl":{"start":{"line":80,"column":123},"end":{"line":80,"column":124}},"loc":{"start":{"line":80,"column":143},"end":{"line":84,"column":5}},"line":80},"14":{"name":"(anonymous_14)","decl":{"start":{"line":86,"column":32},"end":{"line":86,"column":33}},"loc":{"start":{"line":86,"column":48},"end":{"line":103,"column":3}},"line":86},"15":{"name":"(anonymous_15)","decl":{"start":{"line":95,"column":141},"end":{"line":95,"column":142}},"loc":{"start":{"line":95,"column":161},"end":{"line":102,"column":5}},"line":95},"16":{"name":"(anonymous_16)","decl":{"start":{"line":104,"column":52},"end":{"line":104,"column":53}},"loc":{"start":{"line":104,"column":68},"end":{"line":118,"column":3}},"line":104},"17":{"name":"(anonymous_17)","decl":{"start":{"line":113,"column":141},"end":{"line":113,"column":142}},"loc":{"start":{"line":113,"column":161},"end":{"line":117,"column":5}},"line":113},"18":{"name":"(anonymous_18)","decl":{"start":{"line":119,"column":62},"end":{"line":119,"column":63}},"loc":{"start":{"line":119,"column":78},"end":{"line":133,"column":3}},"line":119},"19":{"name":"(anonymous_19)","decl":{"start":{"line":128,"column":141},"end":{"line":128,"column":142}},"loc":{"start":{"line":128,"column":161},"end":{"line":132,"column":5}},"line":128},"20":{"name":"(anonymous_20)","decl":{"start":{"line":134,"column":32},"end":{"line":134,"column":33}},"loc":{"start":{"line":134,"column":48},"end":{"line":142,"column":3}},"line":134},"21":{"name":"(anonymous_21)","decl":{"start":{"line":137,"column":129},"end":{"line":137,"column":130}},"loc":{"start":{"line":137,"column":149},"end":{"line":141,"column":5}},"line":137},"22":{"name":"(anonymous_22)","decl":{"start":{"line":143,"column":52},"end":{"line":143,"column":53}},"loc":{"start":{"line":143,"column":68},"end":{"line":151,"column":3}},"line":143},"23":{"name":"(anonymous_23)","decl":{"start":{"line":146,"column":129},"end":{"line":146,"column":130}},"loc":{"start":{"line":146,"column":149},"end":{"line":150,"column":5}},"line":146},"24":{"name":"(anonymous_24)","decl":{"start":{"line":152,"column":56},"end":{"line":152,"column":57}},"loc":{"start":{"line":152,"column":72},"end":{"line":160,"column":3}},"line":152},"25":{"name":"(anonymous_25)","decl":{"start":{"line":155,"column":129},"end":{"line":155,"column":130}},"loc":{"start":{"line":155,"column":149},"end":{"line":159,"column":5}},"line":155}},"branchMap":{"0":{"loc":{"start":{"line":11,"column":46},"end":{"line":11,"column":94}},"type":"cond-expr","locations":[{"start":{"line":11,"column":70},"end":{"line":11,"column":73}},{"start":{"line":11,"column":76},"end":{"line":11,"column":94}}],"line":11},"1":{"loc":{"start":{"line":11,"column":46},"end":{"line":11,"column":67}},"type":"binary-expr","locations":[{"start":{"line":11,"column":46},"end":{"line":11,"column":49}},{"start":{"line":11,"column":53},"end":{"line":11,"column":67}}],"line":11}},"s":{"0":1,"1":1,"2":1,"3":1,"4":2,"5":0,"6":0,"7":0,"8":0,"9":0,"10":0,"11":0,"12":0,"13":0,"14":0,"15":0,"16":0,"17":0,"18":0,"19":0,"20":0,"21":0,"22":0,"23":0,"24":0,"25":0,"26":0,"27":0,"28":0,"29":0,"30":0,"31":0,"32":0,"33":0,"34":0,"35":0,"36":0,"37":0,"38":0,"39":0,"40":0,"41":0,"42":0,"43":0,"44":0,"45":0,"46":0,"47":0,"48":0,"49":0,"50":0,"51":0,"52":0,"53":0,"54":0,"55":0,"56":0,"57":0,"58":0,"59":0,"60":0,"61":0,"62":0,"63":0,"64":0,"65":0,"66":0,"67":0,"68":0,"69":0,"70":0,"71":0,"72":0,"73":0,"74":0,"75":0,"76":0,"77":0,"78":0,"79":0,"80":0,"81":0,"82":0,"83":0,"84":0,"85":0,"86":0,"87":0,"88":0,"89":0},"f":{"0":2,"1":0,"2":0,"3":0,"4":0,"5":0,"6":0,"7":0,"8":0,"9":0,"10":0,"11":0,"12":0,"13":0,"14":0,"15":0,"16":0,"17":0,"18":0,"19":0,"20":0,"21":0,"22":0,"23":0,"24":0,"25":0},"b":{"0":[0,2],"1":[2,2]},"inputSourceMap":{"version":3,"sources":["test.js"],"names":["chai","use","chatHttp","expect","describe","it","done","book","title","price","description","request","app","post","set","send","end","err","res","status","to","equal","body","data","include","id","get","should","have","property","bookId","eql","updatedBook","put"],"mappings":";;AAAA;;AACA;;AACA;;AACA;;;;AAEAA,iBAAKC,GAAL,CAASC,oBAAT;;IACQC,M,GAAWH,gB,CAAXG,M;AAERC,QAAQ,CAAC,6BAAD,EAAgC,YAAM;AAC5CC,EAAAA,EAAE,CAAC,yBAAD,EAA4B,UAACC,IAAD,EAAU;AACtC,QAAMC,IAAI,GAAG;AACXC,MAAAA,KAAK,EAAE,oBADI;AAEXC,MAAAA,KAAK,EAAE,OAFI;AAGXC,MAAAA,WAAW,EAAE;AAHF,KAAb;;AAKAV,qBAAKW,OAAL,CAAaC,iBAAb,EACGC,IADH,CACQ,eADR,EAEGC,GAFH,CAEO,QAFP,EAEiB,kBAFjB,EAGGC,IAHH,CAGQR,IAHR,EAIGS,GAJH,CAIO,UAACC,GAAD,EAAMC,GAAN,EAAc;AACjBf,MAAAA,MAAM,CAACe,GAAG,CAACC,MAAL,CAAN,CAAmBC,EAAnB,CAAsBC,KAAtB,CAA4B,GAA5B;AACAlB,MAAAA,MAAM,CAACe,GAAG,CAACI,IAAJ,CAASC,IAAV,CAAN,CAAsBH,EAAtB,CAAyBI,OAAzB,CAAiC;AAC/BC,QAAAA,EAAE,EAAE,CAD2B;AAE/BjB,QAAAA,KAAK,EAAED,IAAI,CAACC,KAFmB;AAG/BC,QAAAA,KAAK,EAAEF,IAAI,CAACE,KAHmB;AAI/BC,QAAAA,WAAW,EAAEH,IAAI,CAACG;AAJa,OAAjC;AAMAJ,MAAAA,IAAI;AACL,KAbH;AAcD,GApBC,CAAF;AAsBAD,EAAAA,EAAE,CAAC,wDAAD,EAA2D,UAACC,IAAD,EAAU;AACrE,QAAMC,IAAI,GAAG;AACXE,MAAAA,KAAK,EAAE,OADI;AAEXC,MAAAA,WAAW,EAAE;AAFF,KAAb;;AAIAV,qBAAKW,OAAL,CAAaC,iBAAb,EACGC,IADH,CACQ,eADR,EAEGC,GAFH,CAEO,QAFP,EAEiB,kBAFjB,EAGGC,IAHH,CAGQR,IAHR,EAIGS,GAJH,CAIO,UAACC,GAAD,EAAMC,GAAN,EAAc;AACjBf,MAAAA,MAAM,CAACe,GAAG,CAACC,MAAL,CAAN,CAAmBC,EAAnB,CAAsBC,KAAtB,CAA4B,GAA5B;AACAf,MAAAA,IAAI;AACL,KAPH;AAQD,GAbC,CAAF;AAeAD,EAAAA,EAAE,CAAC,yBAAD,EAA4B,UAACC,IAAD,EAAU;AACtCN,qBAAKW,OAAL,CAAaC,iBAAb,EACGc,GADH,CACO,eADP,EAEGZ,GAFH,CAEO,QAFP,EAEiB,kBAFjB,EAGGE,GAHH,CAGO,UAACC,GAAD,EAAMC,GAAN,EAAc;AACjBf,MAAAA,MAAM,CAACe,GAAG,CAACC,MAAL,CAAN,CAAmBC,EAAnB,CAAsBC,KAAtB,CAA4B,GAA5B;AACAH,MAAAA,GAAG,CAACI,IAAJ,CAASC,IAAT,CAAc,CAAd,EAAiBI,MAAjB,CAAwBC,IAAxB,CAA6BC,QAA7B,CAAsC,IAAtC;AACAX,MAAAA,GAAG,CAACI,IAAJ,CAASC,IAAT,CAAc,CAAd,EAAiBI,MAAjB,CAAwBC,IAAxB,CAA6BC,QAA7B,CAAsC,OAAtC;AACAX,MAAAA,GAAG,CAACI,IAAJ,CAASC,IAAT,CAAc,CAAd,EAAiBI,MAAjB,CAAwBC,IAAxB,CAA6BC,QAA7B,CAAsC,OAAtC;AACAX,MAAAA,GAAG,CAACI,IAAJ,CAASC,IAAT,CAAc,CAAd,EAAiBI,MAAjB,CAAwBC,IAAxB,CAA6BC,QAA7B,CAAsC,aAAtC;AACAvB,MAAAA,IAAI;AACL,KAVH;AAWD,GAZC,CAAF;AAcAD,EAAAA,EAAE,CAAC,iCAAD,EAAoC,UAACC,IAAD,EAAU;AAC9C,QAAMwB,MAAM,GAAG,CAAf;;AACA9B,qBAAKW,OAAL,CAAaC,iBAAb,EACGc,GADH,yBACwBI,MADxB,GAEGhB,GAFH,CAEO,QAFP,EAEiB,kBAFjB,EAGGE,GAHH,CAGO,UAACC,GAAD,EAAMC,GAAN,EAAc;AACjBf,MAAAA,MAAM,CAACe,GAAG,CAACC,MAAL,CAAN,CAAmBC,EAAnB,CAAsBC,KAAtB,CAA4B,GAA5B;AACAH,MAAAA,GAAG,CAACI,IAAJ,CAASC,IAAT,CAAcI,MAAd,CAAqBC,IAArB,CAA0BC,QAA1B,CAAmC,IAAnC;AACAX,MAAAA,GAAG,CAACI,IAAJ,CAASC,IAAT,CAAcI,MAAd,CAAqBC,IAArB,CAA0BC,QAA1B,CAAmC,OAAnC;AACAX,MAAAA,GAAG,CAACI,IAAJ,CAASC,IAAT,CAAcI,MAAd,CAAqBC,IAArB,CAA0BC,QAA1B,CAAmC,OAAnC;AACAX,MAAAA,GAAG,CAACI,IAAJ,CAASC,IAAT,CAAcI,MAAd,CAAqBC,IAArB,CAA0BC,QAA1B,CAAmC,aAAnC;AACAvB,MAAAA,IAAI;AACL,KAVH;AAWD,GAbC,CAAF;AAeAD,EAAAA,EAAE,CAAC,qDAAD,EAAwD,UAACC,IAAD,EAAU;AAClE,QAAMwB,MAAM,GAAG,IAAf;;AACA9B,qBAAKW,OAAL,CAAaC,iBAAb,EACGc,GADH,yBACwBI,MADxB,GAEGhB,GAFH,CAEO,QAFP,EAEiB,kBAFjB,EAGGE,GAHH,CAGO,UAACC,GAAD,EAAMC,GAAN,EAAc;AACjBf,MAAAA,MAAM,CAACe,GAAG,CAACC,MAAL,CAAN,CAAmBC,EAAnB,CAAsBC,KAAtB,CAA4B,GAA5B;AACAH,MAAAA,GAAG,CAACI,IAAJ,CAASK,MAAT,CAAgBC,IAAhB,CAAqBC,QAArB,CAA8B,SAA9B,EACCE,GADD,wCACqCD,MADrC;AAEAxB,MAAAA,IAAI;AACL,KARH;AASD,GAXC,CAAF;AAaAD,EAAAA,EAAE,CAAC,yDAAD,EAA4D,UAACC,IAAD,EAAU;AACtE,QAAMwB,MAAM,GAAG,KAAf;;AACA9B,qBAAKW,OAAL,CAAaC,iBAAb,EACGc,GADH,yBACwBI,MADxB,GAEGhB,GAFH,CAEO,QAFP,EAEiB,kBAFjB,EAGGE,GAHH,CAGO,UAACC,GAAD,EAAMC,GAAN,EAAc;AACjBf,MAAAA,MAAM,CAACe,GAAG,CAACC,MAAL,CAAN,CAAmBC,EAAnB,CAAsBC,KAAtB,CAA4B,GAA5B;AACAH,MAAAA,GAAG,CAACI,IAAJ,CAASK,MAAT,CAAgBC,IAAhB,CAAqBC,QAArB,CAA8B,SAA9B,EACCE,GADD,CACK,oCADL;AAEAzB,MAAAA,IAAI;AACL,KARH;AASD,GAXC,CAAF;AAaAD,EAAAA,EAAE,CAAC,yBAAD,EAA4B,UAACC,IAAD,EAAU;AACtC,QAAMwB,MAAM,GAAG,CAAf;AACA,QAAME,WAAW,GAAG;AAClBP,MAAAA,EAAE,EAAEK,MADc;AAElBtB,MAAAA,KAAK,EAAE,sBAFW;AAGlBC,MAAAA,KAAK,EAAE,QAHW;AAIlBC,MAAAA,WAAW,EAAE;AAJK,KAApB;;AAMAV,qBAAKW,OAAL,CAAaC,iBAAb,EACGqB,GADH,yBACwBH,MADxB,GAEGhB,GAFH,CAEO,QAFP,EAEiB,kBAFjB,EAGGC,IAHH,CAGQiB,WAHR,EAIGhB,GAJH,CAIO,UAACC,GAAD,EAAMC,GAAN,EAAc;AACjBf,MAAAA,MAAM,CAACe,GAAG,CAACC,MAAL,CAAN,CAAmBC,EAAnB,CAAsBC,KAAtB,CAA4B,GAA5B;AACAlB,MAAAA,MAAM,CAACe,GAAG,CAACI,IAAJ,CAASC,IAAT,CAAcE,EAAf,CAAN,CAAyBJ,KAAzB,CAA+BW,WAAW,CAACP,EAA3C;AACAtB,MAAAA,MAAM,CAACe,GAAG,CAACI,IAAJ,CAASC,IAAT,CAAcf,KAAf,CAAN,CAA4Ba,KAA5B,CAAkCW,WAAW,CAACxB,KAA9C;AACAL,MAAAA,MAAM,CAACe,GAAG,CAACI,IAAJ,CAASC,IAAT,CAAcd,KAAf,CAAN,CAA4BY,KAA5B,CAAkCW,WAAW,CAACvB,KAA9C;AACAN,MAAAA,MAAM,CAACe,GAAG,CAACI,IAAJ,CAASC,IAAT,CAAcb,WAAf,CAAN,CAAkCW,KAAlC,CAAwCW,WAAW,CAACtB,WAApD;AACAJ,MAAAA,IAAI;AACL,KAXH;AAYD,GApBC,CAAF;AAsBAD,EAAAA,EAAE,CAAC,6CAAD,EAAgD,UAACC,IAAD,EAAU;AAC1D,QAAMwB,MAAM,GAAG,MAAf;AACA,QAAME,WAAW,GAAG;AAClBP,MAAAA,EAAE,EAAEK,MADc;AAElBtB,MAAAA,KAAK,EAAE,4BAFW;AAGlBC,MAAAA,KAAK,EAAE,QAHW;AAIlBC,MAAAA,WAAW,EAAE;AAJK,KAApB;;AAMAV,qBAAKW,OAAL,CAAaC,iBAAb,EACGqB,GADH,yBACwBH,MADxB,GAEGhB,GAFH,CAEO,QAFP,EAEiB,kBAFjB,EAGGC,IAHH,CAGQiB,WAHR,EAIGhB,GAJH,CAIO,UAACC,GAAD,EAAMC,GAAN,EAAc;AACjBf,MAAAA,MAAM,CAACe,GAAG,CAACC,MAAL,CAAN,CAAmBC,EAAnB,CAAsBC,KAAtB,CAA4B,GAA5B;AACAH,MAAAA,GAAG,CAACI,IAAJ,CAASK,MAAT,CAAgBC,IAAhB,CAAqBC,QAArB,CAA8B,SAA9B,EACCE,GADD,yCACsCD,MADtC;AAEAxB,MAAAA,IAAI;AACL,KATH;AAUD,GAlBC,CAAF;AAoBAD,EAAAA,EAAE,CAAC,uDAAD,EAA0D,UAACC,IAAD,EAAU;AACpE,QAAMwB,MAAM,GAAG,KAAf;AACA,QAAME,WAAW,GAAG;AAClBP,MAAAA,EAAE,EAAEK,MADc;AAElBtB,MAAAA,KAAK,EAAE,4BAFW;AAGlBC,MAAAA,KAAK,EAAE,QAHW;AAIlBC,MAAAA,WAAW,EAAE;AAJK,KAApB;;AAMAV,qBAAKW,OAAL,CAAaC,iBAAb,EACGqB,GADH,yBACwBH,MADxB,GAEGhB,GAFH,CAEO,QAFP,EAEiB,kBAFjB,EAGGC,IAHH,CAGQiB,WAHR,EAIGhB,GAJH,CAIO,UAACC,GAAD,EAAMC,GAAN,EAAc;AACjBf,MAAAA,MAAM,CAACe,GAAG,CAACC,MAAL,CAAN,CAAmBC,EAAnB,CAAsBC,KAAtB,CAA4B,GAA5B;AACAH,MAAAA,GAAG,CAACI,IAAJ,CAASK,MAAT,CAAgBC,IAAhB,CAAqBC,QAArB,CAA8B,SAA9B,EACCE,GADD,CACK,oCADL;AAEAzB,MAAAA,IAAI;AACL,KATH;AAUD,GAlBC,CAAF;AAqBAD,EAAAA,EAAE,CAAC,yBAAD,EAA4B,UAACC,IAAD,EAAU;AACtC,QAAMwB,MAAM,GAAG,CAAf;;AACA9B,qBAAKW,OAAL,CAAaC,iBAAb,oCAC2BkB,MAD3B,GAEGhB,GAFH,CAEO,QAFP,EAEiB,kBAFjB,EAGGE,GAHH,CAGO,UAACC,GAAD,EAAMC,GAAN,EAAc;AACjBf,MAAAA,MAAM,CAACe,GAAG,CAACC,MAAL,CAAN,CAAmBC,EAAnB,CAAsBC,KAAtB,CAA4B,GAA5B;AACAlB,MAAAA,MAAM,CAACe,GAAG,CAACI,IAAJ,CAASC,IAAV,CAAN,CAAsBH,EAAtB,CAAyBI,OAAzB,CAAiC,EAAjC;AACAlB,MAAAA,IAAI;AACL,KAPH;AAQD,GAVC,CAAF;AAYAD,EAAAA,EAAE,CAAC,6CAAD,EAAgD,UAACC,IAAD,EAAU;AAC1D,QAAMwB,MAAM,GAAG,GAAf;;AACA9B,qBAAKW,OAAL,CAAaC,iBAAb,oCAC2BkB,MAD3B,GAEGhB,GAFH,CAEO,QAFP,EAEiB,kBAFjB,EAGGE,GAHH,CAGO,UAACC,GAAD,EAAMC,GAAN,EAAc;AACjBf,MAAAA,MAAM,CAACe,GAAG,CAACC,MAAL,CAAN,CAAmBC,EAAnB,CAAsBC,KAAtB,CAA4B,GAA5B;AACAH,MAAAA,GAAG,CAACI,IAAJ,CAASK,MAAT,CAAgBC,IAAhB,CAAqBC,QAArB,CAA8B,SAA9B,EACCE,GADD,4BACyBD,MADzB;AAEAxB,MAAAA,IAAI;AACL,KARH;AASD,GAXC,CAAF;AAaAD,EAAAA,EAAE,CAAC,iDAAD,EAAoD,UAACC,IAAD,EAAU;AAC9D,QAAMwB,MAAM,GAAG,KAAf;;AACA9B,qBAAKW,OAAL,CAAaC,iBAAb,oCAC2BkB,MAD3B,GAEGhB,GAFH,CAEO,QAFP,EAEiB,kBAFjB,EAGGE,GAHH,CAGO,UAACC,GAAD,EAAMC,GAAN,EAAc;AACjBf,MAAAA,MAAM,CAACe,GAAG,CAACC,MAAL,CAAN,CAAmBC,EAAnB,CAAsBC,KAAtB,CAA4B,GAA5B;AACAH,MAAAA,GAAG,CAACI,IAAJ,CAASK,MAAT,CAAgBC,IAAhB,CAAqBC,QAArB,CAA8B,SAA9B,EAAyCE,GAAzC,CAA6C,gCAA7C;AACAzB,MAAAA,IAAI;AACL,KAPH;AAQD,GAVC,CAAF;AAWD,CAhMO,CAAR","sourceRoot":"C:\\Users\\ITS-TECH-DEV-03.LAPTOP-G2R915KD\\Desktop\\book-app\\api\\test\\","sourcesContent":["import chai from 'chai';\r\nimport chatHttp from 'chai-http';\r\nimport 'chai/register-should';\r\nimport app from '../index';\r\n\r\nchai.use(chatHttp);\r\nconst { expect } = chai;\r\n\r\ndescribe('Testing the book endpoints:', () => {\r\n  it('It should create a book', (done) => {\r\n    const book = {\r\n      title: 'First Awesome book',\r\n      price: '$9.99',\r\n      description: 'This is the awesome book'\r\n    };\r\n    chai.request(app)\r\n      .post('/api/v1/books')\r\n      .set('Accept', 'application/json')\r\n      .send(book)\r\n      .end((err, res) => {\r\n        expect(res.status).to.equal(201);\r\n        expect(res.body.data).to.include({\r\n          id: 1,\r\n          title: book.title,\r\n          price: book.price,\r\n          description: book.description\r\n        });\r\n        done();\r\n      });\r\n  });\r\n\r\n  it('It should not create a book with incomplete parameters', (done) => {\r\n    const book = {\r\n      price: '$9.99',\r\n      description: 'This is the awesome book'\r\n    };\r\n    chai.request(app)\r\n      .post('/api/v1/books')\r\n      .set('Accept', 'application/json')\r\n      .send(book)\r\n      .end((err, res) => {\r\n        expect(res.status).to.equal(400);\r\n        done();\r\n      });\r\n  });\r\n\r\n  it('It should get all books', (done) => {\r\n    chai.request(app)\r\n      .get('/api/v1/books')\r\n      .set('Accept', 'application/json')\r\n      .end((err, res) => {\r\n        expect(res.status).to.equal(200);\r\n        res.body.data[0].should.have.property('id');\r\n        res.body.data[0].should.have.property('title');\r\n        res.body.data[0].should.have.property('price');\r\n        res.body.data[0].should.have.property('description');\r\n        done();\r\n      });\r\n  });\r\n\r\n  it('It should get a particular book', (done) => {\r\n    const bookId = 1;\r\n    chai.request(app)\r\n      .get(`/api/v1/books/${bookId}`)\r\n      .set('Accept', 'application/json')\r\n      .end((err, res) => {\r\n        expect(res.status).to.equal(200);\r\n        res.body.data.should.have.property('id');\r\n        res.body.data.should.have.property('title');\r\n        res.body.data.should.have.property('price');\r\n        res.body.data.should.have.property('description');\r\n        done();\r\n      });\r\n  });\r\n\r\n  it('It should not get a particular book with invalid id', (done) => {\r\n    const bookId = 8888;\r\n    chai.request(app)\r\n      .get(`/api/v1/books/${bookId}`)\r\n      .set('Accept', 'application/json')\r\n      .end((err, res) => {\r\n        expect(res.status).to.equal(404);\r\n        res.body.should.have.property('message')\r\n        .eql(`Cannot find book with the id ${bookId}`);\r\n        done();\r\n      });\r\n  });\r\n\r\n  it('It should not get a particular book with non-numeric id', (done) => {\r\n    const bookId = 'aaa';\r\n    chai.request(app)\r\n      .get(`/api/v1/books/${bookId}`)\r\n      .set('Accept', 'application/json')\r\n      .end((err, res) => {\r\n        expect(res.status).to.equal(400);\r\n        res.body.should.have.property('message')\r\n        .eql('Please input a valid numeric value');\r\n        done();\r\n      });\r\n  });\r\n\r\n  it('It should update a book', (done) => {\r\n    const bookId = 1;\r\n    const updatedBook = {\r\n      id: bookId,\r\n      title: 'Updated Awesome book',\r\n      price: '$10.99',\r\n      description: 'We have updated the price'\r\n    };\r\n    chai.request(app)\r\n      .put(`/api/v1/books/${bookId}`)\r\n      .set('Accept', 'application/json')\r\n      .send(updatedBook)\r\n      .end((err, res) => {\r\n        expect(res.status).to.equal(200);\r\n        expect(res.body.data.id).equal(updatedBook.id);\r\n        expect(res.body.data.title).equal(updatedBook.title);\r\n        expect(res.body.data.price).equal(updatedBook.price);\r\n        expect(res.body.data.description).equal(updatedBook.description);\r\n        done();\r\n      });\r\n  });\r\n\r\n  it('It should not update a book with invalid id', (done) => {\r\n    const bookId = '9999';\r\n    const updatedBook = {\r\n      id: bookId,\r\n      title: 'Updated Awesome book again',\r\n      price: '$11.99',\r\n      description: 'We have updated the price'\r\n    };\r\n    chai.request(app)\r\n      .put(`/api/v1/books/${bookId}`)\r\n      .set('Accept', 'application/json')\r\n      .send(updatedBook)\r\n      .end((err, res) => {\r\n        expect(res.status).to.equal(404);\r\n        res.body.should.have.property('message')\r\n        .eql(`Cannot find book with the id: ${bookId}`);\r\n        done();\r\n      });\r\n  });\r\n\r\n  it('It should not update a book with non-numeric id value', (done) => {\r\n    const bookId = 'ggg';\r\n    const updatedBook = {\r\n      id: bookId,\r\n      title: 'Updated Awesome book again',\r\n      price: '$11.99',\r\n      description: 'We have updated the price'\r\n    };\r\n    chai.request(app)\r\n      .put(`/api/v1/books/${bookId}`)\r\n      .set('Accept', 'application/json')\r\n      .send(updatedBook)\r\n      .end((err, res) => {\r\n        expect(res.status).to.equal(400);\r\n        res.body.should.have.property('message')\r\n        .eql('Please input a valid numeric value');\r\n        done();\r\n      });\r\n  });\r\n\r\n\r\n  it('It should delete a book', (done) => {\r\n    const bookId = 1;\r\n    chai.request(app)\r\n      .delete(`/api/v1/books/${bookId}`)\r\n      .set('Accept', 'application/json')\r\n      .end((err, res) => {\r\n        expect(res.status).to.equal(200);\r\n        expect(res.body.data).to.include({});\r\n        done();\r\n      });\r\n  });\r\n\r\n  it('It should not delete a book with invalid id', (done) => {\r\n    const bookId = 777;\r\n    chai.request(app)\r\n      .delete(`/api/v1/books/${bookId}`)\r\n      .set('Accept', 'application/json')\r\n      .end((err, res) => {\r\n        expect(res.status).to.equal(404);\r\n        res.body.should.have.property('message')\r\n        .eql(`Book with the id ${bookId} cannot be found`);\r\n        done();\r\n      });\r\n  });\r\n\r\n  it('It should not delete a book with non-numeric id', (done) => {\r\n    const bookId = 'bbb';\r\n    chai.request(app)\r\n      .delete(`/api/v1/books/${bookId}`)\r\n      .set('Accept', 'application/json')\r\n      .end((err, res) => {\r\n        expect(res.status).to.equal(400);\r\n        res.body.should.have.property('message').eql('Please provide a numeric value');\r\n        done();\r\n      });\r\n  });\r\n});"]},"_coverageSchema":"1a1c01bbd47fc00a2c39e90264f33305004495a9","hash":"f30cfd91299f7baf68b10634cf45a2657f2d5dc7","contentHash":"c2aeebef8ed4ddaa01b318d013641b66f757e2c75cedec7f90e84d59398ef18a"},"C:\\Users\\ITS-TECH-DEV-03.LAPTOP-G2R915KD\\Desktop\\book-app\\api\\index.js":{"path":"C:\\Users\\ITS-TECH-DEV-03.LAPTOP-G2R915KD\\Desktop\\book-app\\api\\index.js","statementMap":{"0":{"start":{"line":3,"column":0},"end":{"line":5,"column":3}},"1":{"start":{"line":6,"column":0},"end":{"line":6,"column":28}},"2":{"start":{"line":8,"column":15},"end":{"line":8,"column":57}},"3":{"start":{"line":10,"column":14},"end":{"line":10,"column":64}},"4":{"start":{"line":12,"column":14},"end":{"line":12,"column":55}},"5":{"start":{"line":14,"column":39},"end":{"line":14,"column":95}},"6":{"start":{"line":16,"column":10},"end":{"line":16,"column":36}},"7":{"start":{"line":17,"column":0},"end":{"line":17,"column":41}},"8":{"start":{"line":18,"column":0},"end":{"line":18,"column":36}},"9":{"start":{"line":19,"column":0},"end":{"line":21,"column":4}},"10":{"start":{"line":22,"column":11},"end":{"line":22,"column":35}},"11":{"start":{"line":23,"column":0},"end":{"line":23,"column":45}},"12":{"start":{"line":25,"column":0},"end":{"line":29,"column":3}},"13":{"start":{"line":26,"column":2},"end":{"line":28,"column":5}},"14":{"start":{"line":30,"column":0},"end":{"line":32,"column":3}},"15":{"start":{"line":31,"column":2},"end":{"line":31,"column":57}},"16":{"start":{"line":33,"column":15},"end":{"line":33,"column":18}},"17":{"start":{"line":34,"column":0},"end":{"line":34,"column":30}}},"fnMap":{"0":{"name":"_interopRequireDefault","decl":{"start":{"line":14,"column":9},"end":{"line":14,"column":31}},"loc":{"start":{"line":14,"column":37},"end":{"line":14,"column":97}},"line":14},"1":{"name":"(anonymous_1)","decl":{"start":{"line":25,"column":13},"end":{"line":25,"column":14}},"loc":{"start":{"line":25,"column":33},"end":{"line":29,"column":1}},"line":25},"2":{"name":"(anonymous_2)","decl":{"start":{"line":30,"column":17},"end":{"line":30,"column":18}},"loc":{"start":{"line":30,"column":29},"end":{"line":32,"column":1}},"line":30}},"branchMap":{"0":{"loc":{"start":{"line":14,"column":46},"end":{"line":14,"column":94}},"type":"cond-expr","locations":[{"start":{"line":14,"column":70},"end":{"line":14,"column":73}},{"start":{"line":14,"column":76},"end":{"line":14,"column":94}}],"line":14},"1":{"loc":{"start":{"line":14,"column":46},"end":{"line":14,"column":67}},"type":"binary-expr","locations":[{"start":{"line":14,"column":46},"end":{"line":14,"column":49}},{"start":{"line":14,"column":53},"end":{"line":14,"column":67}}],"line":14},"2":{"loc":{"start":{"line":22,"column":11},"end":{"line":22,"column":35}},"type":"binary-expr","locations":[{"start":{"line":22,"column":11},"end":{"line":22,"column":27}},{"start":{"line":22,"column":31},"end":{"line":22,"column":35}}],"line":22}},"s":{"0":1,"1":1,"2":1,"3":1,"4":0,"5":1,"6":0,"7":0,"8":0,"9":0,"10":0,"11":0,"12":0,"13":0,"14":0,"15":0,"16":0,"17":0},"f":{"0":1,"1":0,"2":0},"b":{"0":[0,1],"1":[1,1],"2":[0,0]},"inputSourceMap":{"version":3,"sources":["index.js"],"names":["app","use","express","json","urlencoded","extended","port","process","env","PORT","bookRoutes","get","req","res","status","send","message","listen","console","log"],"mappings":";;;;;;;AAAA;;AAEA;;AACA;;;;AAFA,IAAMA,GAAG,GAAG,0BAAZ;AAKAA,GAAG,CAACC,GAAJ,CAAQ,wBAAO,MAAP,CAAR;AACAD,GAAG,CAACC,GAAJ,CAAQC,oBAAQC,IAAR,EAAR;AACAH,GAAG,CAACC,GAAJ,CAAQC,oBAAQE,UAAR,CAAmB;AAAEC,EAAAA,QAAQ,EAAE;AAAZ,CAAnB,CAAR;AAEA,IAAMC,IAAI,GAAGC,OAAO,CAACC,GAAR,CAAYC,IAAZ,IAAoB,IAAjC;AAEAT,GAAG,CAACC,GAAJ,CAAQ,eAAR,EAAyBS,kBAAzB,E,CAEA;;AACAV,GAAG,CAACW,GAAJ,CAAQ,GAAR,EAAa,UAACC,GAAD,EAAMC,GAAN;AAAA,SAAcA,GAAG,CAACC,MAAJ,CAAW,GAAX,EAAgBC,IAAhB,CAAqB;AAC7CC,IAAAA,OAAO,EAAE;AADoC,GAArB,CAAd;AAAA,CAAb;AAIAhB,GAAG,CAACiB,MAAJ,CAAWX,IAAX,EAAiB,YAAM;AACrBY,EAAAA,OAAO,CAACC,GAAR,qCAAyCb,IAAzC;AACD,CAFD;eAGeN,G","sourceRoot":"C:\\Users\\ITS-TECH-DEV-03.LAPTOP-G2R915KD\\Desktop\\book-app\\api\\","sourcesContent":["import express from 'express';\r\nconst app = express();\r\nimport bookRoutes from './server/routes';\r\nimport morgan from 'morgan';\r\n\r\n\r\napp.use(morgan('tiny'));\r\napp.use(express.json());\r\napp.use(express.urlencoded({ extended: false }));\r\n\r\nconst port = process.env.PORT || 8000;\r\n\r\napp.use('/api/v1/books', bookRoutes);\r\n\r\n// when a random route is inputed\r\napp.get('*', (req, res) => res.status(200).send({\r\n   message: 'Welcome to this API.'\r\n}));\r\n\r\napp.listen(port, () => {\r\n  console.log(`Server is running on PORT ${port}`);\r\n});\r\nexport default app;"]},"_coverageSchema":"1a1c01bbd47fc00a2c39e90264f33305004495a9","hash":"f8b094666d680a8ea7fc806a529591d8f0a34fde","contentHash":"af7dc6b6a6d828773fb2411355dbb036843374e0177789411a4a34d463988a2e"},"C:\\Users\\ITS-TECH-DEV-03.LAPTOP-G2R915KD\\Desktop\\book-app\\api\\server\\routes\\index.js":{"path":"C:\\Users\\ITS-TECH-DEV-03.LAPTOP-G2R915KD\\Desktop\\book-app\\api\\server\\routes\\index.js","statementMap":{"0":{"start":{"line":3,"column":0},"end":{"line":5,"column":3}},"1":{"start":{"line":6,"column":0},"end":{"line":6,"column":28}},"2":{"start":{"line":8,"column":15},"end":{"line":8,"column":33}},"3":{"start":{"line":10,"column":22},"end":{"line":10,"column":86}},"4":{"start":{"line":12,"column":39},"end":{"line":12,"column":95}},"5":{"start":{"line":14,"column":13},"end":{"line":14,"column":35}},"6":{"start":{"line":15,"column":0},"end":{"line":15,"column":56}},"7":{"start":{"line":16,"column":0},"end":{"line":16,"column":53}},"8":{"start":{"line":17,"column":0},"end":{"line":17,"column":56}},"9":{"start":{"line":18,"column":0},"end":{"line":18,"column":59}},"10":{"start":{"line":19,"column":0},"end":{"line":19,"column":64}},"11":{"start":{"line":20,"column":15},"end":{"line":20,"column":21}},"12":{"start":{"line":21,"column":0},"end":{"line":21,"column":30}}},"fnMap":{"0":{"name":"_interopRequireDefault","decl":{"start":{"line":12,"column":9},"end":{"line":12,"column":31}},"loc":{"start":{"line":12,"column":37},"end":{"line":12,"column":97}},"line":12}},"branchMap":{"0":{"loc":{"start":{"line":12,"column":46},"end":{"line":12,"column":94}},"type":"cond-expr","locations":[{"start":{"line":12,"column":70},"end":{"line":12,"column":73}},{"start":{"line":12,"column":76},"end":{"line":12,"column":94}}],"line":12},"1":{"loc":{"start":{"line":12,"column":46},"end":{"line":12,"column":67}},"type":"binary-expr","locations":[{"start":{"line":12,"column":46},"end":{"line":12,"column":49}},{"start":{"line":12,"column":53},"end":{"line":12,"column":67}}],"line":12}},"s":{"0":1,"1":1,"2":1,"3":1,"4":0,"5":0,"6":0,"7":0,"8":0,"9":0,"10":0,"11":0,"12":0},"f":{"0":0},"b":{"0":[0,0],"1":[0,0]},"inputSourceMap":{"version":3,"sources":["index.js"],"names":["router","get","BookController","getAllBooks","post","addBook","getABook","put","updatedBook","deleteBook"],"mappings":";;;;;;;AAAA;;AACA;;;;AAEA,IAAMA,MAAM,GAAG,sBAAf;AAEAA,MAAM,CAACC,GAAP,CAAW,GAAX,EAAgBC,2BAAeC,WAA/B;AACAH,MAAM,CAACI,IAAP,CAAY,GAAZ,EAAiBF,2BAAeG,OAAhC;AACAL,MAAM,CAACC,GAAP,CAAW,MAAX,EAAmBC,2BAAeI,QAAlC;AACAN,MAAM,CAACO,GAAP,CAAW,MAAX,EAAmBL,2BAAeM,WAAlC;AACAR,MAAM,UAAN,CAAc,MAAd,EAAsBE,2BAAeO,UAArC;eAEeT,M","sourceRoot":"C:\\Users\\ITS-TECH-DEV-03.LAPTOP-G2R915KD\\Desktop\\book-app\\api\\server\\routes\\","sourcesContent":["import { Router } from 'express';\r\nimport BookController from '../controllers/BookController';\r\n\r\nconst router = Router();\r\n\r\nrouter.get('/', BookController.getAllBooks);\r\nrouter.post('/', BookController.addBook);\r\nrouter.get('/:id', BookController.getABook);\r\nrouter.put('/:id', BookController.updatedBook);\r\nrouter.delete('/:id', BookController.deleteBook);\r\n\r\nexport default router;"]},"_coverageSchema":"1a1c01bbd47fc00a2c39e90264f33305004495a9","hash":"97066a61b17acf87e46f67739f06c79c320b8679","contentHash":"833e8248e040e4a4d2b1f2e200369eb2624e88dda82652c2cfd699eeb8888ed0"},"C:\\Users\\ITS-TECH-DEV-03.LAPTOP-G2R915KD\\Desktop\\book-app\\api\\server\\controllers\\BookController.js":{"path":"C:\\Users\\ITS-TECH-DEV-03.LAPTOP-G2R915KD\\Desktop\\book-app\\api\\server\\controllers\\BookController.js","statementMap":{"0":{"start":{"line":3,"column":0},"end":{"line":5,"column":3}},"1":{"start":{"line":6,"column":0},"end":{"line":6,"column":28}},"2":{"start":{"line":8,"column":19},"end":{"line":8,"column":77}},"3":{"start":{"line":10,"column":13},"end":{"line":10,"column":62}},"4":{"start":{"line":12,"column":39},"end":{"line":12,"column":95}},"5":{"start":{"line":14,"column":77},"end":{"line":14,"column":175}},"6":{"start":{"line":14,"column":94},"end":{"line":14,"column":107}},"7":{"start":{"line":14,"column":121},"end":{"line":14,"column":131}},"8":{"start":{"line":14,"column":151},"end":{"line":14,"column":165}},"9":{"start":{"line":14,"column":166},"end":{"line":14,"column":173}},"10":{"start":{"line":14,"column":176},"end":{"line":14,"column":263}},"11":{"start":{"line":14,"column":193},"end":{"line":14,"column":208}},"12":{"start":{"line":14,"column":218},"end":{"line":14,"column":261}},"13":{"start":{"line":16,"column":33},"end":{"line":16,"column":387}},"14":{"start":{"line":16,"column":65},"end":{"line":16,"column":69}},"15":{"start":{"line":16,"column":78},"end":{"line":16,"column":87}},"16":{"start":{"line":16,"column":89},"end":{"line":16,"column":384}},"17":{"start":{"line":16,"column":147},"end":{"line":16,"column":167}},"18":{"start":{"line":16,"column":193},"end":{"line":16,"column":264}},"19":{"start":{"line":16,"column":290},"end":{"line":16,"column":360}},"20":{"start":{"line":16,"column":363},"end":{"line":16,"column":380}},"21":{"start":{"line":18,"column":50},"end":{"line":18,"column":151}},"22":{"start":{"line":18,"column":92},"end":{"line":18,"column":149}},"23":{"start":{"line":20,"column":44},"end":{"line":20,"column":315}},"24":{"start":{"line":20,"column":57},"end":{"line":20,"column":58}},"25":{"start":{"line":20,"column":102},"end":{"line":20,"column":110}},"26":{"start":{"line":20,"column":112},"end":{"line":20,"column":167}},"27":{"start":{"line":20,"column":168},"end":{"line":20,"column":199}},"28":{"start":{"line":20,"column":200},"end":{"line":20,"column":254}},"29":{"start":{"line":20,"column":227},"end":{"line":20,"column":254}},"30":{"start":{"line":20,"column":255},"end":{"line":20,"column":313}},"31":{"start":{"line":22,"column":62},"end":{"line":22,"column":131}},"32":{"start":{"line":22,"column":78},"end":{"line":22,"column":131}},"33":{"start":{"line":22,"column":132},"end":{"line":22,"column":193}},"34":{"start":{"line":22,"column":149},"end":{"line":22,"column":193}},"35":{"start":{"line":22,"column":194},"end":{"line":22,"column":213}},"36":{"start":{"line":24,"column":11},"end":{"line":24,"column":34}},"37":{"start":{"line":26,"column":34},"end":{"line":295,"column":3}},"38":{"start":{"line":28,"column":4},"end":{"line":28,"column":42}},"39":{"start":{"line":31,"column":2},"end":{"line":292,"column":6}},"40":{"start":{"line":34,"column":25},"end":{"line":67,"column":9}},"41":{"start":{"line":36,"column":8},"end":{"line":66,"column":36}},"42":{"start":{"line":37,"column":10},"end":{"line":65,"column":11}},"43":{"start":{"line":38,"column":12},"end":{"line":64,"column":13}},"44":{"start":{"line":40,"column":16},"end":{"line":40,"column":34}},"45":{"start":{"line":41,"column":16},"end":{"line":41,"column":34}},"46":{"start":{"line":42,"column":16},"end":{"line":42,"column":61}},"47":{"start":{"line":45,"column":16},"end":{"line":45,"column":41}},"48":{"start":{"line":47,"column":16},"end":{"line":51,"column":17}},"49":{"start":{"line":48,"column":18},"end":{"line":48,"column":68}},"50":{"start":{"line":50,"column":18},"end":{"line":50,"column":56}},"51":{"start":{"line":53,"column":16},"end":{"line":53,"column":65}},"52":{"start":{"line":56,"column":16},"end":{"line":56,"column":34}},"53":{"start":{"line":57,"column":16},"end":{"line":57,"column":51}},"54":{"start":{"line":58,"column":16},"end":{"line":58,"column":48}},"55":{"start":{"line":59,"column":16},"end":{"line":59,"column":65}},"56":{"start":{"line":63,"column":16},"end":{"line":63,"column":39}},"57":{"start":{"line":70,"column":8},"end":{"line":70,"column":51}},"58":{"start":{"line":73,"column":6},"end":{"line":73,"column":25}},"59":{"start":{"line":78,"column":21},"end":{"line":118,"column":9}},"60":{"start":{"line":81,"column":8},"end":{"line":117,"column":38}},"61":{"start":{"line":82,"column":10},"end":{"line":116,"column":11}},"62":{"start":{"line":83,"column":12},"end":{"line":115,"column":13}},"63":{"start":{"line":85,"column":16},"end":{"line":85,"column":124}},"64":{"start":{"line":87,"column":16},"end":{"line":90,"column":17}},"65":{"start":{"line":88,"column":18},"end":{"line":88,"column":37}},"66":{"start":{"line":89,"column":18},"end":{"line":89,"column":24}},"67":{"start":{"line":92,"column":16},"end":{"line":92,"column":70}},"68":{"start":{"line":93,"column":16},"end":{"line":93,"column":66}},"69":{"start":{"line":96,"column":16},"end":{"line":96,"column":35}},"70":{"start":{"line":97,"column":16},"end":{"line":97,"column":35}},"71":{"start":{"line":98,"column":16},"end":{"line":98,"column":35}},"72":{"start":{"line":99,"column":16},"end":{"line":99,"column":64}},"73":{"start":{"line":102,"column":16},"end":{"line":102,"column":45}},"74":{"start":{"line":103,"column":16},"end":{"line":103,"column":65}},"75":{"start":{"line":104,"column":16},"end":{"line":104,"column":66}},"76":{"start":{"line":107,"column":16},"end":{"line":107,"column":36}},"77":{"start":{"line":108,"column":16},"end":{"line":108,"column":53}},"78":{"start":{"line":109,"column":16},"end":{"line":109,"column":57}},"79":{"start":{"line":110,"column":16},"end":{"line":110,"column":66}},"80":{"start":{"line":114,"column":16},"end":{"line":114,"column":40}},"81":{"start":{"line":121,"column":8},"end":{"line":121,"column":47}},"82":{"start":{"line":124,"column":6},"end":{"line":124,"column":21}},"83":{"start":{"line":129,"column":25},"end":{"line":174,"column":9}},"84":{"start":{"line":131,"column":8},"end":{"line":173,"column":38}},"85":{"start":{"line":132,"column":10},"end":{"line":172,"column":11}},"86":{"start":{"line":133,"column":12},"end":{"line":171,"column":13}},"87":{"start":{"line":135,"column":16},"end":{"line":135,"column":39}},"88":{"start":{"line":136,"column":16},"end":{"line":136,"column":35}},"89":{"start":{"line":138,"column":16},"end":{"line":141,"column":17}},"90":{"start":{"line":139,"column":18},"end":{"line":139,"column":37}},"91":{"start":{"line":140,"column":18},"end":{"line":140,"column":24}},"92":{"start":{"line":143,"column":16},"end":{"line":143,"column":73}},"93":{"start":{"line":144,"column":16},"end":{"line":144,"column":66}},"94":{"start":{"line":147,"column":16},"end":{"line":147,"column":35}},"95":{"start":{"line":148,"column":16},"end":{"line":148,"column":35}},"96":{"start":{"line":149,"column":16},"end":{"line":149,"column":75}},"97":{"start":{"line":152,"column":16},"end":{"line":152,"column":44}},"98":{"start":{"line":154,"column":16},"end":{"line":158,"column":17}},"99":{"start":{"line":155,"column":18},"end":{"line":155,"column":82}},"100":{"start":{"line":157,"column":18},"end":{"line":157,"column":67}},"101":{"start":{"line":160,"column":16},"end":{"line":160,"column":66}},"102":{"start":{"line":163,"column":16},"end":{"line":163,"column":36}},"103":{"start":{"line":164,"column":16},"end":{"line":164,"column":53}},"104":{"start":{"line":165,"column":16},"end":{"line":165,"column":49}},"105":{"start":{"line":166,"column":16},"end":{"line":166,"column":66}},"106":{"start":{"line":170,"column":16},"end":{"line":170,"column":40}},"107":{"start":{"line":177,"column":8},"end":{"line":177,"column":51}},"108":{"start":{"line":180,"column":6},"end":{"line":180,"column":25}},"109":{"start":{"line":185,"column":22},"end":{"line":229,"column":9}},"110":{"start":{"line":187,"column":8},"end":{"line":228,"column":38}},"111":{"start":{"line":188,"column":10},"end":{"line":227,"column":11}},"112":{"start":{"line":189,"column":12},"end":{"line":226,"column":13}},"113":{"start":{"line":191,"column":16},"end":{"line":191,"column":35}},"114":{"start":{"line":193,"column":16},"end":{"line":196,"column":17}},"115":{"start":{"line":194,"column":18},"end":{"line":194,"column":37}},"116":{"start":{"line":195,"column":18},"end":{"line":195,"column":24}},"117":{"start":{"line":198,"column":16},"end":{"line":198,"column":73}},"118":{"start":{"line":199,"column":16},"end":{"line":199,"column":66}},"119":{"start":{"line":202,"column":16},"end":{"line":202,"column":35}},"120":{"start":{"line":203,"column":16},"end":{"line":203,"column":35}},"121":{"start":{"line":204,"column":16},"end":{"line":204,"column":60}},"122":{"start":{"line":207,"column":16},"end":{"line":207,"column":41}},"123":{"start":{"line":209,"column":16},"end":{"line":213,"column":17}},"124":{"start":{"line":210,"column":18},"end":{"line":210,"column":81}},"125":{"start":{"line":212,"column":18},"end":{"line":212,"column":62}},"126":{"start":{"line":215,"column":16},"end":{"line":215,"column":66}},"127":{"start":{"line":218,"column":16},"end":{"line":218,"column":36}},"128":{"start":{"line":219,"column":16},"end":{"line":219,"column":53}},"129":{"start":{"line":220,"column":16},"end":{"line":220,"column":49}},"130":{"start":{"line":221,"column":16},"end":{"line":221,"column":66}},"131":{"start":{"line":225,"column":16},"end":{"line":225,"column":40}},"132":{"start":{"line":232,"column":8},"end":{"line":232,"column":48}},"133":{"start":{"line":235,"column":6},"end":{"line":235,"column":22}},"134":{"start":{"line":240,"column":24},"end":{"line":284,"column":9}},"135":{"start":{"line":242,"column":8},"end":{"line":283,"column":38}},"136":{"start":{"line":243,"column":10},"end":{"line":282,"column":11}},"137":{"start":{"line":244,"column":12},"end":{"line":281,"column":13}},"138":{"start":{"line":246,"column":16},"end":{"line":246,"column":35}},"139":{"start":{"line":248,"column":16},"end":{"line":251,"column":17}},"140":{"start":{"line":249,"column":18},"end":{"line":249,"column":37}},"141":{"start":{"line":250,"column":18},"end":{"line":250,"column":24}},"142":{"start":{"line":253,"column":16},"end":{"line":253,"column":69}},"143":{"start":{"line":254,"column":16},"end":{"line":254,"column":66}},"144":{"start":{"line":257,"column":16},"end":{"line":257,"column":35}},"145":{"start":{"line":258,"column":16},"end":{"line":258,"column":35}},"146":{"start":{"line":259,"column":16},"end":{"line":259,"column":62}},"147":{"start":{"line":262,"column":16},"end":{"line":262,"column":46}},"148":{"start":{"line":264,"column":16},"end":{"line":268,"column":17}},"149":{"start":{"line":265,"column":18},"end":{"line":265,"column":55}},"150":{"start":{"line":267,"column":18},"end":{"line":267,"column":89}},"151":{"start":{"line":270,"column":16},"end":{"line":270,"column":66}},"152":{"start":{"line":273,"column":16},"end":{"line":273,"column":36}},"153":{"start":{"line":274,"column":16},"end":{"line":274,"column":53}},"154":{"start":{"line":275,"column":16},"end":{"line":275,"column":49}},"155":{"start":{"line":276,"column":16},"end":{"line":276,"column":66}},"156":{"start":{"line":280,"column":16},"end":{"line":280,"column":40}},"157":{"start":{"line":287,"column":8},"end":{"line":287,"column":50}},"158":{"start":{"line":290,"column":6},"end":{"line":290,"column":24}},"159":{"start":{"line":294,"column":2},"end":{"line":294,"column":24}},"160":{"start":{"line":297,"column":15},"end":{"line":297,"column":29}},"161":{"start":{"line":298,"column":0},"end":{"line":298,"column":30}}},"fnMap":{"0":{"name":"_interopRequireDefault","decl":{"start":{"line":12,"column":9},"end":{"line":12,"column":31}},"loc":{"start":{"line":12,"column":37},"end":{"line":12,"column":97}},"line":12},"1":{"name":"asyncGeneratorStep","decl":{"start":{"line":14,"column":9},"end":{"line":14,"column":27}},"loc":{"start":{"line":14,"column":75},"end":{"line":14,"column":265}},"line":14},"2":{"name":"_asyncToGenerator","decl":{"start":{"line":16,"column":9},"end":{"line":16,"column":26}},"loc":{"start":{"line":16,"column":31},"end":{"line":16,"column":389}},"line":16},"3":{"name":"(anonymous_3)","decl":{"start":{"line":16,"column":40},"end":{"line":16,"column":41}},"loc":{"start":{"line":16,"column":52},"end":{"line":16,"column":386}},"line":16},"4":{"name":"(anonymous_4)","decl":{"start":{"line":16,"column":108},"end":{"line":16,"column":109}},"loc":{"start":{"line":16,"column":135},"end":{"line":16,"column":382}},"line":16},"5":{"name":"_next","decl":{"start":{"line":16,"column":178},"end":{"line":16,"column":183}},"loc":{"start":{"line":16,"column":191},"end":{"line":16,"column":266}},"line":16},"6":{"name":"_throw","decl":{"start":{"line":16,"column":276},"end":{"line":16,"column":282}},"loc":{"start":{"line":16,"column":288},"end":{"line":16,"column":362}},"line":16},"7":{"name":"_classCallCheck","decl":{"start":{"line":18,"column":9},"end":{"line":18,"column":24}},"loc":{"start":{"line":18,"column":48},"end":{"line":18,"column":153}},"line":18},"8":{"name":"_defineProperties","decl":{"start":{"line":20,"column":9},"end":{"line":20,"column":26}},"loc":{"start":{"line":20,"column":42},"end":{"line":20,"column":317}},"line":20},"9":{"name":"_createClass","decl":{"start":{"line":22,"column":9},"end":{"line":22,"column":21}},"loc":{"start":{"line":22,"column":60},"end":{"line":22,"column":215}},"line":22},"10":{"name":"(anonymous_10)","decl":{"start":{"line":26,"column":34},"end":{"line":26,"column":35}},"loc":{"start":{"line":26,"column":46},"end":{"line":295,"column":1}},"line":26},"11":{"name":"BookController","decl":{"start":{"line":27,"column":11},"end":{"line":27,"column":25}},"loc":{"start":{"line":27,"column":28},"end":{"line":29,"column":3}},"line":27},"12":{"name":"(anonymous_12)","decl":{"start":{"line":33,"column":11},"end":{"line":33,"column":12}},"loc":{"start":{"line":33,"column":23},"end":{"line":74,"column":5}},"line":33},"13":{"name":"_callee","decl":{"start":{"line":34,"column":90},"end":{"line":34,"column":97}},"loc":{"start":{"line":34,"column":108},"end":{"line":67,"column":7}},"line":34},"14":{"name":"_callee$","decl":{"start":{"line":36,"column":48},"end":{"line":36,"column":56}},"loc":{"start":{"line":36,"column":67},"end":{"line":66,"column":9}},"line":36},"15":{"name":"getAllBooks","decl":{"start":{"line":69,"column":15},"end":{"line":69,"column":26}},"loc":{"start":{"line":69,"column":36},"end":{"line":71,"column":7}},"line":69},"16":{"name":"(anonymous_16)","decl":{"start":{"line":77,"column":11},"end":{"line":77,"column":12}},"loc":{"start":{"line":77,"column":23},"end":{"line":125,"column":5}},"line":77},"17":{"name":"_callee2","decl":{"start":{"line":78,"column":86},"end":{"line":78,"column":94}},"loc":{"start":{"line":78,"column":105},"end":{"line":118,"column":7}},"line":78},"18":{"name":"_callee2$","decl":{"start":{"line":81,"column":48},"end":{"line":81,"column":57}},"loc":{"start":{"line":81,"column":69},"end":{"line":117,"column":9}},"line":81},"19":{"name":"addBook","decl":{"start":{"line":120,"column":15},"end":{"line":120,"column":22}},"loc":{"start":{"line":120,"column":33},"end":{"line":122,"column":7}},"line":120},"20":{"name":"(anonymous_20)","decl":{"start":{"line":128,"column":11},"end":{"line":128,"column":12}},"loc":{"start":{"line":128,"column":23},"end":{"line":181,"column":5}},"line":128},"21":{"name":"_callee3","decl":{"start":{"line":129,"column":90},"end":{"line":129,"column":98}},"loc":{"start":{"line":129,"column":109},"end":{"line":174,"column":7}},"line":129},"22":{"name":"_callee3$","decl":{"start":{"line":131,"column":48},"end":{"line":131,"column":57}},"loc":{"start":{"line":131,"column":69},"end":{"line":173,"column":9}},"line":131},"23":{"name":"updatedBook","decl":{"start":{"line":176,"column":15},"end":{"line":176,"column":26}},"loc":{"start":{"line":176,"column":37},"end":{"line":178,"column":7}},"line":176},"24":{"name":"(anonymous_24)","decl":{"start":{"line":184,"column":11},"end":{"line":184,"column":12}},"loc":{"start":{"line":184,"column":23},"end":{"line":236,"column":5}},"line":184},"25":{"name":"_callee4","decl":{"start":{"line":185,"column":87},"end":{"line":185,"column":95}},"loc":{"start":{"line":185,"column":106},"end":{"line":229,"column":7}},"line":185},"26":{"name":"_callee4$","decl":{"start":{"line":187,"column":48},"end":{"line":187,"column":57}},"loc":{"start":{"line":187,"column":69},"end":{"line":228,"column":9}},"line":187},"27":{"name":"getABook","decl":{"start":{"line":231,"column":15},"end":{"line":231,"column":23}},"loc":{"start":{"line":231,"column":34},"end":{"line":233,"column":7}},"line":231},"28":{"name":"(anonymous_28)","decl":{"start":{"line":239,"column":11},"end":{"line":239,"column":12}},"loc":{"start":{"line":239,"column":23},"end":{"line":291,"column":5}},"line":239},"29":{"name":"_callee5","decl":{"start":{"line":240,"column":89},"end":{"line":240,"column":97}},"loc":{"start":{"line":240,"column":108},"end":{"line":284,"column":7}},"line":240},"30":{"name":"_callee5$","decl":{"start":{"line":242,"column":48},"end":{"line":242,"column":57}},"loc":{"start":{"line":242,"column":69},"end":{"line":283,"column":9}},"line":242},"31":{"name":"deleteBook","decl":{"start":{"line":286,"column":15},"end":{"line":286,"column":25}},"loc":{"start":{"line":286,"column":37},"end":{"line":288,"column":7}},"line":286}},"branchMap":{"0":{"loc":{"start":{"line":12,"column":46},"end":{"line":12,"column":94}},"type":"cond-expr","locations":[{"start":{"line":12,"column":70},"end":{"line":12,"column":73}},{"start":{"line":12,"column":76},"end":{"line":12,"column":94}}],"line":12},"1":{"loc":{"start":{"line":12,"column":46},"end":{"line":12,"column":67}},"type":"binary-expr","locations":[{"start":{"line":12,"column":46},"end":{"line":12,"column":49}},{"start":{"line":12,"column":53},"end":{"line":12,"column":67}}],"line":12},"2":{"loc":{"start":{"line":14,"column":176},"end":{"line":14,"column":263}},"type":"if","locations":[{"start":{"line":14,"column":176},"end":{"line":14,"column":263}},{"start":{"line":14,"column":176},"end":{"line":14,"column":263}}],"line":14},"3":{"loc":{"start":{"line":18,"column":50},"end":{"line":18,"column":151}},"type":"if","locations":[{"start":{"line":18,"column":50},"end":{"line":18,"column":151}},{"start":{"line":18,"column":50},"end":{"line":18,"column":151}}],"line":18},"4":{"loc":{"start":{"line":20,"column":136},"end":{"line":20,"column":166}},"type":"binary-expr","locations":[{"start":{"line":20,"column":136},"end":{"line":20,"column":157}},{"start":{"line":20,"column":161},"end":{"line":20,"column":166}}],"line":20},"5":{"loc":{"start":{"line":20,"column":200},"end":{"line":20,"column":254}},"type":"if","locations":[{"start":{"line":20,"column":200},"end":{"line":20,"column":254}},{"start":{"line":20,"column":200},"end":{"line":20,"column":254}}],"line":20},"6":{"loc":{"start":{"line":22,"column":62},"end":{"line":22,"column":131}},"type":"if","locations":[{"start":{"line":22,"column":62},"end":{"line":22,"column":131}},{"start":{"line":22,"column":62},"end":{"line":22,"column":131}}],"line":22},"7":{"loc":{"start":{"line":22,"column":132},"end":{"line":22,"column":193}},"type":"if","locations":[{"start":{"line":22,"column":132},"end":{"line":22,"column":193}},{"start":{"line":22,"column":132},"end":{"line":22,"column":193}}],"line":22},"8":{"loc":{"start":{"line":38,"column":12},"end":{"line":64,"column":13}},"type":"switch","locations":[{"start":{"line":39,"column":14},"end":{"line":42,"column":61}},{"start":{"line":44,"column":14},"end":{"line":53,"column":65}},{"start":{"line":55,"column":14},"end":{"line":59,"column":65}},{"start":{"line":61,"column":14},"end":{"line":61,"column":22}},{"start":{"line":62,"column":14},"end":{"line":63,"column":39}}],"line":38},"9":{"loc":{"start":{"line":47,"column":16},"end":{"line":51,"column":17}},"type":"if","locations":[{"start":{"line":47,"column":16},"end":{"line":51,"column":17}},{"start":{"line":47,"column":16},"end":{"line":51,"column":17}}],"line":47},"10":{"loc":{"start":{"line":83,"column":12},"end":{"line":115,"column":13}},"type":"switch","locations":[{"start":{"line":84,"column":14},"end":{"line":93,"column":66}},{"start":{"line":95,"column":14},"end":{"line":99,"column":64}},{"start":{"line":101,"column":14},"end":{"line":104,"column":66}},{"start":{"line":106,"column":14},"end":{"line":110,"column":66}},{"start":{"line":112,"column":14},"end":{"line":112,"column":22}},{"start":{"line":113,"column":14},"end":{"line":114,"column":40}}],"line":83},"11":{"loc":{"start":{"line":87,"column":16},"end":{"line":90,"column":17}},"type":"if","locations":[{"start":{"line":87,"column":16},"end":{"line":90,"column":17}},{"start":{"line":87,"column":16},"end":{"line":90,"column":17}}],"line":87},"12":{"loc":{"start":{"line":87,"column":22},"end":{"line":87,"column":54}},"type":"binary-expr","locations":[{"start":{"line":87,"column":22},"end":{"line":87,"column":28}},{"start":{"line":87,"column":32},"end":{"line":87,"column":38}},{"start":{"line":87,"column":42},"end":{"line":87,"column":54}}],"line":87},"13":{"loc":{"start":{"line":133,"column":12},"end":{"line":171,"column":13}},"type":"switch","locations":[{"start":{"line":134,"column":14},"end":{"line":144,"column":66}},{"start":{"line":146,"column":14},"end":{"line":149,"column":75}},{"start":{"line":151,"column":14},"end":{"line":160,"column":66}},{"start":{"line":162,"column":14},"end":{"line":166,"column":66}},{"start":{"line":168,"column":14},"end":{"line":168,"column":22}},{"start":{"line":169,"column":14},"end":{"line":170,"column":40}}],"line":133},"14":{"loc":{"start":{"line":138,"column":16},"end":{"line":141,"column":17}},"type":"if","locations":[{"start":{"line":138,"column":16},"end":{"line":141,"column":17}},{"start":{"line":138,"column":16},"end":{"line":141,"column":17}}],"line":138},"15":{"loc":{"start":{"line":154,"column":16},"end":{"line":158,"column":17}},"type":"if","locations":[{"start":{"line":154,"column":16},"end":{"line":158,"column":17}},{"start":{"line":154,"column":16},"end":{"line":158,"column":17}}],"line":154},"16":{"loc":{"start":{"line":189,"column":12},"end":{"line":226,"column":13}},"type":"switch","locations":[{"start":{"line":190,"column":14},"end":{"line":199,"column":66}},{"start":{"line":201,"column":14},"end":{"line":204,"column":60}},{"start":{"line":206,"column":14},"end":{"line":215,"column":66}},{"start":{"line":217,"column":14},"end":{"line":221,"column":66}},{"start":{"line":223,"column":14},"end":{"line":223,"column":22}},{"start":{"line":224,"column":14},"end":{"line":225,"column":40}}],"line":189},"17":{"loc":{"start":{"line":193,"column":16},"end":{"line":196,"column":17}},"type":"if","locations":[{"start":{"line":193,"column":16},"end":{"line":196,"column":17}},{"start":{"line":193,"column":16},"end":{"line":196,"column":17}}],"line":193},"18":{"loc":{"start":{"line":209,"column":16},"end":{"line":213,"column":17}},"type":"if","locations":[{"start":{"line":209,"column":16},"end":{"line":213,"column":17}},{"start":{"line":209,"column":16},"end":{"line":213,"column":17}}],"line":209},"19":{"loc":{"start":{"line":244,"column":12},"end":{"line":281,"column":13}},"type":"switch","locations":[{"start":{"line":245,"column":14},"end":{"line":254,"column":66}},{"start":{"line":256,"column":14},"end":{"line":259,"column":62}},{"start":{"line":261,"column":14},"end":{"line":270,"column":66}},{"start":{"line":272,"column":14},"end":{"line":276,"column":66}},{"start":{"line":278,"column":14},"end":{"line":278,"column":22}},{"start":{"line":279,"column":14},"end":{"line":280,"column":40}}],"line":244},"20":{"loc":{"start":{"line":248,"column":16},"end":{"line":251,"column":17}},"type":"if","locations":[{"start":{"line":248,"column":16},"end":{"line":251,"column":17}},{"start":{"line":248,"column":16},"end":{"line":251,"column":17}}],"line":248},"21":{"loc":{"start":{"line":264,"column":16},"end":{"line":268,"column":17}},"type":"if","locations":[{"start":{"line":264,"column":16},"end":{"line":268,"column":17}},{"start":{"line":264,"column":16},"end":{"line":268,"column":17}}],"line":264}},"s":{"0":1,"1":1,"2":1,"3":0,"4":0,"5":0,"6":0,"7":0,"8":0,"9":0,"10":0,"11":0,"12":0,"13":0,"14":0,"15":0,"16":0,"17":0,"18":0,"19":0,"20":0,"21":0,"22":0,"23":0,"24":0,"25":0,"26":0,"27":0,"28":0,"29":0,"30":0,"31":0,"32":0,"33":0,"34":0,"35":0,"36":0,"37":0,"38":0,"39":0,"40":0,"41":0,"42":0,"43":0,"44":0,"45":0,"46":0,"47":0,"48":0,"49":0,"50":0,"51":0,"52":0,"53":0,"54":0,"55":0,"56":0,"57":0,"58":0,"59":0,"60":0,"61":0,"62":0,"63":0,"64":0,"65":0,"66":0,"67":0,"68":0,"69":0,"70":0,"71":0,"72":0,"73":0,"74":0,"75":0,"76":0,"77":0,"78":0,"79":0,"80":0,"81":0,"82":0,"83":0,"84":0,"85":0,"86":0,"87":0,"88":0,"89":0,"90":0,"91":0,"92":0,"93":0,"94":0,"95":0,"96":0,"97":0,"98":0,"99":0,"100":0,"101":0,"102":0,"103":0,"104":0,"105":0,"106":0,"107":0,"108":0,"109":0,"110":0,"111":0,"112":0,"113":0,"114":0,"115":0,"116":0,"117":0,"118":0,"119":0,"120":0,"121":0,"122":0,"123":0,"124":0,"125":0,"126":0,"127":0,"128":0,"129":0,"130":0,"131":0,"132":0,"133":0,"134":0,"135":0,"136":0,"137":0,"138":0,"139":0,"140":0,"141":0,"142":0,"143":0,"144":0,"145":0,"146":0,"147":0,"148":0,"149":0,"150":0,"151":0,"152":0,"153":0,"154":0,"155":0,"156":0,"157":0,"158":0,"159":0,"160":0,"161":0},"f":{"0":0,"1":0,"2":0,"3":0,"4":0,"5":0,"6":0,"7":0,"8":0,"9":0,"10":0,"11":0,"12":0,"13":0,"14":0,"15":0,"16":0,"17":0,"18":0,"19":0,"20":0,"21":0,"22":0,"23":0,"24":0,"25":0,"26":0,"27":0,"28":0,"29":0,"30":0,"31":0},"b":{"0":[0,0],"1":[0,0],"2":[0,0],"3":[0,0],"4":[0,0],"5":[0,0],"6":[0,0],"7":[0,0],"8":[0,0,0,0,0],"9":[0,0],"10":[0,0,0,0,0,0],"11":[0,0],"12":[0,0,0],"13":[0,0,0,0,0,0],"14":[0,0],"15":[0,0],"16":[0,0,0,0,0,0],"17":[0,0],"18":[0,0],"19":[0,0,0,0,0,0],"20":[0,0],"21":[0,0]},"inputSourceMap":{"version":3,"sources":["BookController.js"],"names":["util","Util","BookController","req","res","BookService","getAllBooks","allBooks","length","setSuccess","send","setError","body","title","price","description","newBook","addBook","createdBook","message","alteredBook","id","params","Number","updateBook","getABook","theBook","deleteBook","bookToDelete"],"mappings":";;;;;;;AAAA;;AACA;;;;;;;;;;;;;;AAEA,IAAMA,IAAI,GAAG,IAAIC,iBAAJ,EAAb;;IAEMC,c;;;;;;;;kGACqBC,G,EAAKC,G;;;;;;;;uBAEHC,wBAAYC,WAAZ,E;;;AAAjBC,gBAAAA,Q;;AACN,oBAAIA,QAAQ,CAACC,MAAT,GAAkB,CAAtB,EAAyB;AACvBR,kBAAAA,IAAI,CAACS,UAAL,CAAgB,GAAhB,EAAqB,iBAArB,EAAwCF,QAAxC;AACD,iBAFD,MAEO;AACLP,kBAAAA,IAAI,CAACS,UAAL,CAAgB,GAAhB,EAAqB,eAArB;AACD;;iDACMT,IAAI,CAACU,IAAL,CAAUN,GAAV,C;;;;;AAEPJ,gBAAAA,IAAI,CAACW,QAAL,CAAc,GAAd;iDACOX,IAAI,CAACU,IAAL,CAAUN,GAAV,C;;;;;;;;;;;;;;;;;;;+FAIUD,G,EAAKC,G;;;;;;;4BACYD,GAAG,CAACS,I,EAAjCC,K,aAAAA,K,EAAOC,K,aAAAA,K,EAAOC,W,aAAAA,W;;sBACjB,CAACF,KAAD,IAAU,CAACC,KAAX,IAAoB,CAACC,W;;;;;AACvBf,gBAAAA,IAAI,CAACW,QAAL,CAAc,GAAd,EAAmB,iCAAnB;kDACOX,IAAI,CAACU,IAAL,CAAUN,GAAV,C;;;AAEHY,gBAAAA,O,GAAUb,GAAG,CAACS,I;;;uBAEQP,wBAAYY,OAAZ,CAAoBD,OAApB,C;;;AAApBE,gBAAAA,W;AACNlB,gBAAAA,IAAI,CAACS,UAAL,CAAgB,GAAhB,EAAqB,aAArB,EAAoCS,WAApC;kDACOlB,IAAI,CAACU,IAAL,CAAUN,GAAV,C;;;;;AAEPJ,gBAAAA,IAAI,CAACW,QAAL,CAAc,GAAd,EAAmB,aAAMQ,OAAzB;kDACOnB,IAAI,CAACU,IAAL,CAAUN,GAAV,C;;;;;;;;;;;;;;;;;;;mGAIcD,G,EAAKC,G;;;;;;AACtBgB,gBAAAA,W,GAAcjB,GAAG,CAACS,I;AAChBS,gBAAAA,E,GAAOlB,GAAG,CAACmB,M,CAAXD,E;;oBACHE,MAAM,CAACF,EAAD,C;;;;;AACTrB,gBAAAA,IAAI,CAACW,QAAL,CAAc,GAAd,EAAmB,oCAAnB;kDACOX,IAAI,CAACU,IAAL,CAAUN,GAAV,C;;;;;uBAGkBC,wBAAYmB,UAAZ,CAAuBH,EAAvB,EAA2BD,WAA3B,C;;;AAAnBI,gBAAAA,U;;AACN,oBAAI,CAACA,UAAL,EAAiB;AACfxB,kBAAAA,IAAI,CAACW,QAAL,CAAc,GAAd,0CAAoDU,EAApD;AACD,iBAFD,MAEO;AACLrB,kBAAAA,IAAI,CAACS,UAAL,CAAgB,GAAhB,EAAqB,cAArB,EAAqCe,UAArC;AACD;;kDACMxB,IAAI,CAACU,IAAL,CAAUN,GAAV,C;;;;;AAEPJ,gBAAAA,IAAI,CAACW,QAAL,CAAc,GAAd;kDACOX,IAAI,CAACU,IAAL,CAAUN,GAAV,C;;;;;;;;;;;;;;;;;;;gGAIWD,G,EAAKC,G;;;;;;AACjBiB,gBAAAA,E,GAAOlB,GAAG,CAACmB,M,CAAXD,E;;oBAEHE,MAAM,CAACF,EAAD,C;;;;;AACTrB,gBAAAA,IAAI,CAACW,QAAL,CAAc,GAAd,EAAmB,oCAAnB;kDACOX,IAAI,CAACU,IAAL,CAAUN,GAAV,C;;;;;uBAIeC,wBAAYoB,QAAZ,CAAqBJ,EAArB,C;;;AAAhBK,gBAAAA,O;;AAEN,oBAAI,CAACA,OAAL,EAAc;AACZ1B,kBAAAA,IAAI,CAACW,QAAL,CAAc,GAAd,yCAAmDU,EAAnD;AACD,iBAFD,MAEO;AACLrB,kBAAAA,IAAI,CAACS,UAAL,CAAgB,GAAhB,EAAqB,YAArB,EAAmCiB,OAAnC;AACD;;kDACM1B,IAAI,CAACU,IAAL,CAAUN,GAAV,C;;;;;AAEPJ,gBAAAA,IAAI,CAACW,QAAL,CAAc,GAAd;kDACOX,IAAI,CAACU,IAAL,CAAUN,GAAV,C;;;;;;;;;;;;;;;;;;;kGAIaD,G,EAAKC,G;;;;;;AACnBiB,gBAAAA,E,GAAOlB,GAAG,CAACmB,M,CAAXD,E;;oBAEHE,MAAM,CAACF,EAAD,C;;;;;AACTrB,gBAAAA,IAAI,CAACW,QAAL,CAAc,GAAd,EAAmB,gCAAnB;kDACOX,IAAI,CAACU,IAAL,CAAUN,GAAV,C;;;;;uBAIoBC,wBAAYsB,UAAZ,CAAuBN,EAAvB,C;;;AAArBO,gBAAAA,Y;;AAEN,oBAAIA,YAAJ,EAAkB;AAChB5B,kBAAAA,IAAI,CAACS,UAAL,CAAgB,GAAhB,EAAqB,cAArB;AACD,iBAFD,MAEO;AACLT,kBAAAA,IAAI,CAACW,QAAL,CAAc,GAAd,6BAAuCU,EAAvC;AACD;;kDACMrB,IAAI,CAACU,IAAL,CAAUN,GAAV,C;;;;;AAEPJ,gBAAAA,IAAI,CAACW,QAAL,CAAc,GAAd;kDACOX,IAAI,CAACU,IAAL,CAAUN,GAAV,C;;;;;;;;;;;;;;;;;;;;;eAKEF,c","sourceRoot":"C:\\Users\\ITS-TECH-DEV-03.LAPTOP-G2R915KD\\Desktop\\book-app\\api\\server\\controllers\\","sourcesContent":["import BookService from '../services/BookService';\r\nimport Util from '../utils/Utils';\r\n\r\nconst util = new Util();\r\n\r\nclass BookController {\r\n  static async getAllBooks(req, res) {\r\n    try {\r\n      const allBooks = await BookService.getAllBooks();\r\n      if (allBooks.length > 0) {\r\n        util.setSuccess(200, 'Books retrieved', allBooks);\r\n      } else {\r\n        util.setSuccess(200, 'No book found');\r\n      }\r\n      return util.send(res);\r\n    } catch (error) {\r\n      util.setError(400, error);\r\n      return util.send(res);\r\n    }\r\n  }\r\n\r\n  static async addBook(req, res) {\r\n    const {title, price, description} = req.body;\r\n    if (!title || !price || !description) {\r\n      util.setError(400, 'Please provide complete details');\r\n      return util.send(res);\r\n    }\r\n    const newBook = req.body;\r\n    try {\r\n      const createdBook = await BookService.addBook(newBook);\r\n      util.setSuccess(201, 'Book Added!', createdBook);\r\n      return util.send(res);\r\n    } catch (error) {\r\n      util.setError(400, error.message);\r\n      return util.send(res);\r\n    }\r\n  }\r\n\r\n  static async updatedBook(req, res) {\r\n    const alteredBook = req.body;\r\n    const { id } = req.params;\r\n    if (!Number(id)) {\r\n      util.setError(400, 'Please input a valid numeric value');\r\n      return util.send(res);\r\n    }\r\n    try {\r\n      const updateBook = await BookService.updateBook(id, alteredBook);\r\n      if (!updateBook) {\r\n        util.setError(404, `Cannot find book with the id: ${id}`);\r\n      } else {\r\n        util.setSuccess(200, 'Book updated', updateBook);\r\n      }\r\n      return util.send(res);\r\n    } catch (error) {\r\n      util.setError(404, error);\r\n      return util.send(res);\r\n    }\r\n  }\r\n\r\n  static async getABook(req, res) {\r\n    const { id } = req.params;\r\n\r\n    if (!Number(id)) {\r\n      util.setError(400, 'Please input a valid numeric value');\r\n      return util.send(res);\r\n    }\r\n\r\n    try {\r\n      const theBook = await BookService.getABook(id);\r\n\r\n      if (!theBook) {\r\n        util.setError(404, `Cannot find book with the id ${id}`);\r\n      } else {\r\n        util.setSuccess(200, 'Found Book', theBook);\r\n      }\r\n      return util.send(res);\r\n    } catch (error) {\r\n      util.setError(404, error);\r\n      return util.send(res);\r\n    }\r\n  }\r\n\r\n  static async deleteBook(req, res) {\r\n    const { id } = req.params;\r\n\r\n    if (!Number(id)) {\r\n      util.setError(400, 'Please provide a numeric value');\r\n      return util.send(res);\r\n    }\r\n\r\n    try {\r\n      const bookToDelete = await BookService.deleteBook(id);\r\n\r\n      if (bookToDelete) {\r\n        util.setSuccess(200, 'Book deleted');\r\n      } else {\r\n        util.setError(404, `Book with the id ${id} cannot be found`);\r\n      }\r\n      return util.send(res);\r\n    } catch (error) {\r\n      util.setError(400, error);\r\n      return util.send(res);\r\n    }\r\n  }\r\n}\r\n\r\nexport default BookController;"]},"_coverageSchema":"1a1c01bbd47fc00a2c39e90264f33305004495a9","hash":"e0264d89a7b7d1fea7db0f912464a6b9b3b5c813","contentHash":"02050ecceffeffa7c5f2002984eca4c86c6f602dd125db35493a9e28776df32f"},"C:\\Users\\ITS-TECH-DEV-03.LAPTOP-G2R915KD\\Desktop\\book-app\\api\\server\\services\\BookService.js":{"path":"C:\\Users\\ITS-TECH-DEV-03.LAPTOP-G2R915KD\\Desktop\\book-app\\api\\server\\services\\BookService.js","statementMap":{"0":{"start":{"line":3,"column":0},"end":{"line":5,"column":3}},"1":{"start":{"line":6,"column":0},"end":{"line":6,"column":28}},"2":{"start":{"line":8,"column":14},"end":{"line":8,"column":62}},"3":{"start":{"line":10,"column":39},"end":{"line":10,"column":95}},"4":{"start":{"line":12,"column":77},"end":{"line":12,"column":175}},"5":{"start":{"line":12,"column":94},"end":{"line":12,"column":107}},"6":{"start":{"line":12,"column":121},"end":{"line":12,"column":131}},"7":{"start":{"line":12,"column":151},"end":{"line":12,"column":165}},"8":{"start":{"line":12,"column":166},"end":{"line":12,"column":173}},"9":{"start":{"line":12,"column":176},"end":{"line":12,"column":263}},"10":{"start":{"line":12,"column":193},"end":{"line":12,"column":208}},"11":{"start":{"line":12,"column":218},"end":{"line":12,"column":261}},"12":{"start":{"line":14,"column":33},"end":{"line":14,"column":387}},"13":{"start":{"line":14,"column":65},"end":{"line":14,"column":69}},"14":{"start":{"line":14,"column":78},"end":{"line":14,"column":87}},"15":{"start":{"line":14,"column":89},"end":{"line":14,"column":384}},"16":{"start":{"line":14,"column":147},"end":{"line":14,"column":167}},"17":{"start":{"line":14,"column":193},"end":{"line":14,"column":264}},"18":{"start":{"line":14,"column":290},"end":{"line":14,"column":360}},"19":{"start":{"line":14,"column":363},"end":{"line":14,"column":380}},"20":{"start":{"line":16,"column":50},"end":{"line":16,"column":151}},"21":{"start":{"line":16,"column":92},"end":{"line":16,"column":149}},"22":{"start":{"line":18,"column":44},"end":{"line":18,"column":315}},"23":{"start":{"line":18,"column":57},"end":{"line":18,"column":58}},"24":{"start":{"line":18,"column":102},"end":{"line":18,"column":110}},"25":{"start":{"line":18,"column":112},"end":{"line":18,"column":167}},"26":{"start":{"line":18,"column":168},"end":{"line":18,"column":199}},"27":{"start":{"line":18,"column":200},"end":{"line":18,"column":254}},"28":{"start":{"line":18,"column":227},"end":{"line":18,"column":254}},"29":{"start":{"line":18,"column":255},"end":{"line":18,"column":313}},"30":{"start":{"line":20,"column":62},"end":{"line":20,"column":131}},"31":{"start":{"line":20,"column":78},"end":{"line":20,"column":131}},"32":{"start":{"line":20,"column":132},"end":{"line":20,"column":193}},"33":{"start":{"line":20,"column":149},"end":{"line":20,"column":193}},"34":{"start":{"line":20,"column":194},"end":{"line":20,"column":213}},"35":{"start":{"line":22,"column":31},"end":{"line":253,"column":3}},"36":{"start":{"line":24,"column":4},"end":{"line":24,"column":39}},"37":{"start":{"line":27,"column":2},"end":{"line":250,"column":6}},"38":{"start":{"line":30,"column":25},"end":{"line":53,"column":9}},"39":{"start":{"line":31,"column":8},"end":{"line":52,"column":36}},"40":{"start":{"line":32,"column":10},"end":{"line":51,"column":11}},"41":{"start":{"line":33,"column":12},"end":{"line":50,"column":13}},"42":{"start":{"line":35,"column":16},"end":{"line":35,"column":34}},"43":{"start":{"line":36,"column":16},"end":{"line":36,"column":34}},"44":{"start":{"line":37,"column":16},"end":{"line":37,"column":57}},"45":{"start":{"line":40,"column":16},"end":{"line":40,"column":64}},"46":{"start":{"line":43,"column":16},"end":{"line":43,"column":34}},"47":{"start":{"line":44,"column":16},"end":{"line":44,"column":51}},"48":{"start":{"line":45,"column":16},"end":{"line":45,"column":34}},"49":{"start":{"line":49,"column":16},"end":{"line":49,"column":39}},"50":{"start":{"line":56,"column":8},"end":{"line":56,"column":51}},"51":{"start":{"line":59,"column":6},"end":{"line":59,"column":25}},"52":{"start":{"line":64,"column":21},"end":{"line":87,"column":9}},"53":{"start":{"line":65,"column":8},"end":{"line":86,"column":37}},"54":{"start":{"line":66,"column":10},"end":{"line":85,"column":11}},"55":{"start":{"line":67,"column":12},"end":{"line":84,"column":13}},"56":{"start":{"line":69,"column":16},"end":{"line":69,"column":35}},"57":{"start":{"line":70,"column":16},"end":{"line":70,"column":35}},"58":{"start":{"line":71,"column":16},"end":{"line":71,"column":63}},"59":{"start":{"line":74,"column":16},"end":{"line":74,"column":66}},"60":{"start":{"line":77,"column":16},"end":{"line":77,"column":35}},"61":{"start":{"line":78,"column":16},"end":{"line":78,"column":53}},"62":{"start":{"line":79,"column":16},"end":{"line":79,"column":35}},"63":{"start":{"line":83,"column":16},"end":{"line":83,"column":40}},"64":{"start":{"line":90,"column":8},"end":{"line":90,"column":47}},"65":{"start":{"line":93,"column":6},"end":{"line":93,"column":21}},"66":{"start":{"line":98,"column":25},"end":{"line":144,"column":9}},"67":{"start":{"line":100,"column":8},"end":{"line":143,"column":38}},"68":{"start":{"line":101,"column":10},"end":{"line":142,"column":11}},"69":{"start":{"line":102,"column":12},"end":{"line":141,"column":13}},"70":{"start":{"line":104,"column":16},"end":{"line":104,"column":35}},"71":{"start":{"line":105,"column":16},"end":{"line":105,"column":35}},"72":{"start":{"line":106,"column":16},"end":{"line":110,"column":19}},"73":{"start":{"line":113,"column":16},"end":{"line":113,"column":46}},"74":{"start":{"line":115,"column":16},"end":{"line":118,"column":17}},"75":{"start":{"line":116,"column":18},"end":{"line":116,"column":37}},"76":{"start":{"line":117,"column":18},"end":{"line":117,"column":24}},"77":{"start":{"line":120,"column":16},"end":{"line":120,"column":35}},"78":{"start":{"line":121,"column":16},"end":{"line":125,"column":19}},"79":{"start":{"line":128,"column":16},"end":{"line":128,"column":63}},"80":{"start":{"line":131,"column":16},"end":{"line":131,"column":56}},"81":{"start":{"line":134,"column":16},"end":{"line":134,"column":36}},"82":{"start":{"line":135,"column":16},"end":{"line":135,"column":53}},"83":{"start":{"line":136,"column":16},"end":{"line":136,"column":35}},"84":{"start":{"line":140,"column":16},"end":{"line":140,"column":40}},"85":{"start":{"line":147,"column":8},"end":{"line":147,"column":51}},"86":{"start":{"line":150,"column":6},"end":{"line":150,"column":24}},"87":{"start":{"line":155,"column":22},"end":{"line":184,"column":9}},"88":{"start":{"line":157,"column":8},"end":{"line":183,"column":37}},"89":{"start":{"line":158,"column":10},"end":{"line":182,"column":11}},"90":{"start":{"line":159,"column":12},"end":{"line":181,"column":13}},"91":{"start":{"line":161,"column":16},"end":{"line":161,"column":35}},"92":{"start":{"line":162,"column":16},"end":{"line":162,"column":35}},"93":{"start":{"line":163,"column":16},"end":{"line":167,"column":19}},"94":{"start":{"line":170,"column":16},"end":{"line":170,"column":41}},"95":{"start":{"line":171,"column":16},"end":{"line":171,"column":59}},"96":{"start":{"line":174,"column":16},"end":{"line":174,"column":35}},"97":{"start":{"line":175,"column":16},"end":{"line":175,"column":53}},"98":{"start":{"line":176,"column":16},"end":{"line":176,"column":35}},"99":{"start":{"line":180,"column":16},"end":{"line":180,"column":40}},"100":{"start":{"line":187,"column":8},"end":{"line":187,"column":48}},"101":{"start":{"line":190,"column":6},"end":{"line":190,"column":22}},"102":{"start":{"line":195,"column":24},"end":{"line":242,"column":9}},"103":{"start":{"line":197,"column":8},"end":{"line":241,"column":38}},"104":{"start":{"line":198,"column":10},"end":{"line":240,"column":11}},"105":{"start":{"line":199,"column":12},"end":{"line":239,"column":13}},"106":{"start":{"line":201,"column":16},"end":{"line":201,"column":35}},"107":{"start":{"line":202,"column":16},"end":{"line":202,"column":35}},"108":{"start":{"line":203,"column":16},"end":{"line":207,"column":19}},"109":{"start":{"line":210,"column":16},"end":{"line":210,"column":46}},"110":{"start":{"line":212,"column":16},"end":{"line":215,"column":17}},"111":{"start":{"line":213,"column":18},"end":{"line":213,"column":37}},"112":{"start":{"line":214,"column":18},"end":{"line":214,"column":24}},"113":{"start":{"line":217,"column":16},"end":{"line":217,"column":35}},"114":{"start":{"line":218,"column":16},"end":{"line":222,"column":19}},"115":{"start":{"line":225,"column":16},"end":{"line":225,"column":45}},"116":{"start":{"line":226,"column":16},"end":{"line":226,"column":63}},"117":{"start":{"line":229,"column":16},"end":{"line":229,"column":56}},"118":{"start":{"line":232,"column":16},"end":{"line":232,"column":36}},"119":{"start":{"line":233,"column":16},"end":{"line":233,"column":53}},"120":{"start":{"line":234,"column":16},"end":{"line":234,"column":35}},"121":{"start":{"line":238,"column":16},"end":{"line":238,"column":40}},"122":{"start":{"line":245,"column":8},"end":{"line":245,"column":50}},"123":{"start":{"line":248,"column":6},"end":{"line":248,"column":24}},"124":{"start":{"line":252,"column":2},"end":{"line":252,"column":21}},"125":{"start":{"line":255,"column":15},"end":{"line":255,"column":26}},"126":{"start":{"line":256,"column":0},"end":{"line":256,"column":30}}},"fnMap":{"0":{"name":"_interopRequireDefault","decl":{"start":{"line":10,"column":9},"end":{"line":10,"column":31}},"loc":{"start":{"line":10,"column":37},"end":{"line":10,"column":97}},"line":10},"1":{"name":"asyncGeneratorStep","decl":{"start":{"line":12,"column":9},"end":{"line":12,"column":27}},"loc":{"start":{"line":12,"column":75},"end":{"line":12,"column":265}},"line":12},"2":{"name":"_asyncToGenerator","decl":{"start":{"line":14,"column":9},"end":{"line":14,"column":26}},"loc":{"start":{"line":14,"column":31},"end":{"line":14,"column":389}},"line":14},"3":{"name":"(anonymous_3)","decl":{"start":{"line":14,"column":40},"end":{"line":14,"column":41}},"loc":{"start":{"line":14,"column":52},"end":{"line":14,"column":386}},"line":14},"4":{"name":"(anonymous_4)","decl":{"start":{"line":14,"column":108},"end":{"line":14,"column":109}},"loc":{"start":{"line":14,"column":135},"end":{"line":14,"column":382}},"line":14},"5":{"name":"_next","decl":{"start":{"line":14,"column":178},"end":{"line":14,"column":183}},"loc":{"start":{"line":14,"column":191},"end":{"line":14,"column":266}},"line":14},"6":{"name":"_throw","decl":{"start":{"line":14,"column":276},"end":{"line":14,"column":282}},"loc":{"start":{"line":14,"column":288},"end":{"line":14,"column":362}},"line":14},"7":{"name":"_classCallCheck","decl":{"start":{"line":16,"column":9},"end":{"line":16,"column":24}},"loc":{"start":{"line":16,"column":48},"end":{"line":16,"column":153}},"line":16},"8":{"name":"_defineProperties","decl":{"start":{"line":18,"column":9},"end":{"line":18,"column":26}},"loc":{"start":{"line":18,"column":42},"end":{"line":18,"column":317}},"line":18},"9":{"name":"_createClass","decl":{"start":{"line":20,"column":9},"end":{"line":20,"column":21}},"loc":{"start":{"line":20,"column":60},"end":{"line":20,"column":215}},"line":20},"10":{"name":"(anonymous_10)","decl":{"start":{"line":22,"column":31},"end":{"line":22,"column":32}},"loc":{"start":{"line":22,"column":43},"end":{"line":253,"column":1}},"line":22},"11":{"name":"BookService","decl":{"start":{"line":23,"column":11},"end":{"line":23,"column":22}},"loc":{"start":{"line":23,"column":25},"end":{"line":25,"column":3}},"line":23},"12":{"name":"(anonymous_12)","decl":{"start":{"line":29,"column":11},"end":{"line":29,"column":12}},"loc":{"start":{"line":29,"column":23},"end":{"line":60,"column":5}},"line":29},"13":{"name":"_callee","decl":{"start":{"line":30,"column":90},"end":{"line":30,"column":97}},"loc":{"start":{"line":30,"column":100},"end":{"line":53,"column":7}},"line":30},"14":{"name":"_callee$","decl":{"start":{"line":31,"column":48},"end":{"line":31,"column":56}},"loc":{"start":{"line":31,"column":67},"end":{"line":52,"column":9}},"line":31},"15":{"name":"getAllBooks","decl":{"start":{"line":55,"column":15},"end":{"line":55,"column":26}},"loc":{"start":{"line":55,"column":29},"end":{"line":57,"column":7}},"line":55},"16":{"name":"(anonymous_16)","decl":{"start":{"line":63,"column":11},"end":{"line":63,"column":12}},"loc":{"start":{"line":63,"column":23},"end":{"line":94,"column":5}},"line":63},"17":{"name":"_callee2","decl":{"start":{"line":64,"column":86},"end":{"line":64,"column":94}},"loc":{"start":{"line":64,"column":104},"end":{"line":87,"column":7}},"line":64},"18":{"name":"_callee2$","decl":{"start":{"line":65,"column":48},"end":{"line":65,"column":57}},"loc":{"start":{"line":65,"column":69},"end":{"line":86,"column":9}},"line":65},"19":{"name":"addBook","decl":{"start":{"line":89,"column":15},"end":{"line":89,"column":22}},"loc":{"start":{"line":89,"column":27},"end":{"line":91,"column":7}},"line":89},"20":{"name":"(anonymous_20)","decl":{"start":{"line":97,"column":11},"end":{"line":97,"column":12}},"loc":{"start":{"line":97,"column":23},"end":{"line":151,"column":5}},"line":97},"21":{"name":"_callee3","decl":{"start":{"line":98,"column":90},"end":{"line":98,"column":98}},"loc":{"start":{"line":98,"column":116},"end":{"line":144,"column":7}},"line":98},"22":{"name":"_callee3$","decl":{"start":{"line":100,"column":48},"end":{"line":100,"column":57
[...]
r\\src\\config\\config.js","statementMap":{"0":{"start":{"line":3,"column":0},"end":{"line":3,"column":27}},"1":{"start":{"line":5,"column":0},"end":{"line":31,"column":2}}},"fnMap":{},"branchMap":{},"s":{"0":1,"1":1},"f":{},"b":{},"inputSourceMap":{"version":3,"sources":["config.js"],"names":["require","config","module","exports","test","database","username","password","host","dialect","development","process","env","DB_NAME","DB_USER","DB_PASS","DB_HOST","production"],"mappings":";;AAAAA,OAAO,CAAC,QAAD,CAAP,CAAkBC,MAAlB;;AAEAC,MAAM,CAACC,OAAP,GAAiB;AACf;AACA;AACA;AACA;AACAC,EAAAA,IAAI,EAAE;AACJC,IAAAA,QAAQ,EAAE,WADN;AAEJC,IAAAA,QAAQ,EAAE,UAFN;AAGJC,IAAAA,QAAQ,EAAE,UAHN;AAIJC,IAAAA,IAAI,EAAE,WAJF;AAKJC,IAAAA,OAAO,EAAE;AALL,GALS;AAafC,EAAAA,WAAW,EAAE;AACXL,IAAAA,QAAQ,EAAEM,OAAO,CAACC,GAAR,CAAYC,OADX;AAEXP,IAAAA,QAAQ,EAAEK,OAAO,CAACC,GAAR,CAAYE,OAFX;AAGXP,IAAAA,QAAQ,EAAEI,OAAO,CAACC,GAAR,CAAYG,OAHX;AAIXP,IAAAA,IAAI,EAAEG,OAAO,CAACC,GAAR,CAAYI,OAJP;AAKXP,IAAAA,OAAO,EAAE;AALE,GAbE;AAqBfQ,EAAAA,UAAU,EAAE;AACVZ,IAAAA,QAAQ,EAAEM,OAAO,CAACC,GAAR,CAAYC,OADZ;AAEVP,IAAAA,QAAQ,EAAEK,OAAO,CAACC,GAAR,CAAYE,OAFZ;AAGVP,IAAAA,QAAQ,EAAEI,OAAO,CAACC,GAAR,CAAYG,OAHZ;AAIVP,IAAAA,IAAI,EAAEG,OAAO,CAACC,GAAR,CAAYI,OAJR;AAKVP,IAAAA,OAAO,EAAE;AALC;AArBG,CAAjB","sourceRoot":"C:\\Users\\ITS-TECH-DEV-03.LAPTOP-G2R915KD\\Desktop\\book-app\\api\\server\\src\\config\\","sourcesContent":["require(\"dotenv\").config();\n\nmodule.exports = {\n  // If using onine database\n  // development: {\n  //   use_env_variable: 'DATABASE_URL'\n  // },\n  test: {\n    database: \"book_test\",\n    username: \"postgres\",\n    password: \"password\",\n    host: \"127.0.0.1\",\n    dialect: \"postgres\",\n  },\n\n  development: {\n    database: process.env.DB_NAME,\n    username: process.env.DB_USER,\n    password: process.env.DB_PASS,\n    host: process.env.DB_HOST,\n    dialect: \"postgres\",\n  },\n\n  production: {\n    database: process.env.DB_NAME,\n    username: process.env.DB_USER,\n    password: process.env.DB_PASS,\n    host: process.env.DB_HOST,\n    dialect: \"postgres\",\n  },\n};\n"]},"_coverageSchema":"1a1c01bbd47fc00a2c39e90264f33305004495a9","hash":"e1cd293dfd2049677bcb138716a367e0b9ca1ef9","contentHash":"c8978bd1e220a3d6e4c3e08db95cf8ad633ba6b131b7ce25c367f255d462c786"},"C:\\Users\\ITS-TECH-DEV-03.LAPTOP-G2R915KD\\Desktop\\book-app\\api\\server\\src\\models\\book.js":{"path":"C:\\Users\\ITS-TECH-DEV-03.LAPTOP-G2R915KD\\Desktop\\book-app\\api\\server\\src\\models\\book.js","statementMap":{"0":{"start":{"line":3,"column":51},"end":{"line":3,"column":355}},"1":{"start":{"line":3,"column":126},"end":{"line":3,"column":181}},"2":{"start":{"line":3,"column":160},"end":{"line":3,"column":178}},"3":{"start":{"line":3,"column":191},"end":{"line":3,"column":353}},"4":{"start":{"line":3,"column":225},"end":{"line":3,"column":350}},"5":{"start":{"line":3,"column":356},"end":{"line":3,"column":376}},"6":{"start":{"line":5,"column":50},"end":{"line":5,"column":151}},"7":{"start":{"line":5,"column":92},"end":{"line":5,"column":149}},"8":{"start":{"line":7,"column":44},"end":{"line":7,"column":315}},"9":{"start":{"line":7,"column":57},"end":{"line":7,"column":58}},"10":{"start":{"line":7,"column":102},"end":{"line":7,"column":110}},"11":{"start":{"line":7,"column":112},"end":{"line":7,"column":167}},"12":{"start":{"line":7,"column":168},"end":{"line":7,"column":199}},"13":{"start":{"line":7,"column":200},"end":{"line":7,"column":254}},"14":{"start":{"line":7,"column":227},"end":{"line":7,"column":254}},"15":{"start":{"line":7,"column":255},"end":{"line":7,"column":313}},"16":{"start":{"line":9,"column":62},"end":{"line":9,"column":131}},"17":{"start":{"line":9,"column":78},"end":{"line":9,"column":131}},"18":{"start":{"line":9,"column":132},"end":{"line":9,"column":193}},"19":{"start":{"line":9,"column":149},"end":{"line":9,"column":193}},"20":{"start":{"line":9,"column":194},"end":{"line":9,"column":213}},"21":{"start":{"line":11,"column":43},"end":{"line":11,"column":182}},"22":{"start":{"line":11,"column":106},"end":{"line":11,"column":180}},"23":{"start":{"line":11,"column":183},"end":{"line":11,"column":328}},"24":{"start":{"line":11,"column":329},"end":{"line":11,"column":383}},"25":{"start":{"line":11,"column":345},"end":{"line":11,"column":383}},"26":{"start":{"line":13,"column":33},"end":{"line":13,"column":138}},"27":{"start":{"line":13,"column":109},"end":{"line":13,"column":125}},"28":{"start":{"line":13,"column":126},"end":{"line":13,"column":135}},"29":{"start":{"line":13,"column":139},"end":{"line":13,"column":168}},"30":{"start":{"line":15,"column":65},"end":{"line":15,"column":92}},"31":{"start":{"line":15,"column":94},"end":{"line":15,"column":423}},"32":{"start":{"line":15,"column":147},"end":{"line":15,"column":171}},"33":{"start":{"line":15,"column":181},"end":{"line":15,"column":371}},"34":{"start":{"line":15,"column":230},"end":{"line":15,"column":263}},"35":{"start":{"line":15,"column":265},"end":{"line":15,"column":321}},"36":{"start":{"line":15,"column":331},"end":{"line":15,"column":369}},"37":{"start":{"line":15,"column":372},"end":{"line":15,"column":420}},"38":{"start":{"line":17,"column":50},"end":{"line":17,"column":138}},"39":{"start":{"line":17,"column":124},"end":{"line":17,"column":136}},"40":{"start":{"line":17,"column":139},"end":{"line":17,"column":175}},"41":{"start":{"line":19,"column":40},"end":{"line":19,"column":151}},"42":{"start":{"line":19,"column":63},"end":{"line":19,"column":149}},"43":{"start":{"line":19,"column":152},"end":{"line":19,"column":164}},"44":{"start":{"line":21,"column":39},"end":{"line":21,"column":110}},"45":{"start":{"line":21,"column":97},"end":{"line":21,"column":110}},"46":{"start":{"line":21,"column":111},"end":{"line":21,"column":152}},"47":{"start":{"line":21,"column":139},"end":{"line":21,"column":152}},"48":{"start":{"line":21,"column":153},"end":{"line":21,"column":198}},"49":{"start":{"line":21,"column":186},"end":{"line":21,"column":198}},"50":{"start":{"line":21,"column":199},"end":{"line":21,"column":322}},"51":{"start":{"line":21,"column":205},"end":{"line":21,"column":279}},"52":{"start":{"line":21,"column":280},"end":{"line":21,"column":292}},"53":{"start":{"line":21,"column":307},"end":{"line":21,"column":320}},"54":{"start":{"line":23,"column":30},"end":{"line":23,"column":176}},"55":{"start":{"line":23,"column":126},"end":{"line":23,"column":173}},"56":{"start":{"line":23,"column":177},"end":{"line":23,"column":203}},"57":{"start":{"line":25,"column":15},"end":{"line":25,"column":35}},"58":{"start":{"line":26,"column":12},"end":{"line":26,"column":26}},"59":{"start":{"line":28,"column":0},"end":{"line":74,"column":2}},"60":{"start":{"line":29,"column":26},"end":{"line":53,"column":10}},"61":{"start":{"line":30,"column":4},"end":{"line":30,"column":28}},"62":{"start":{"line":32,"column":17},"end":{"line":32,"column":35}},"63":{"start":{"line":35,"column":6},"end":{"line":35,"column":34}},"64":{"start":{"line":37,"column":6},"end":{"line":37,"column":43}},"65":{"start":{"line":40,"column":4},"end":{"line":50,"column":8}},"66":{"start":{"line":52,"column":4},"end":{"line":52,"column":16}},"67":{"start":{"line":56,"column":2},"end":{"line":72,"column":5}},"68":{"start":{"line":73,"column":2},"end":{"line":73,"column":14}}},"fnMap":{"0":{"name":"_typeof","decl":{"start":{"line":3,"column":9},"end":{"line":3,"column":16}},"loc":{"start":{"line":3,"column":22},"end":{"line":3,"column":378}},"line":3},"1":{"name":"_typeof","decl":{"start":{"line":3,"column":145},"end":{"line":3,"column":152}},"loc":{"start":{"line":3,"column":158},"end":{"line":3,"column":180}},"line":3},"2":{"name":"_typeof","decl":{"start":{"line":3,"column":210},"end":{"line":3,"column":217}},"loc":{"start":{"line":3,"column":223},"end":{"line":3,"column":352}},"line":3},"3":{"name":"_classCallCheck","decl":{"start":{"line":5,"column":9},"end":{"line":5,"column":24}},"loc":{"start":{"line":5,"column":48},"end":{"line":5,"column":153}},"line":5},"4":{"name":"_defineProperties","decl":{"start":{"line":7,"column":9},"end":{"line":7,"column":26}},"loc":{"start":{"line":7,"column":42},"end":{"line":7,"column":317}},"line":7},"5":{"name":"_createClass","decl":{"start":{"line":9,"column":9},"end":{"line":9,"column":21}},"loc":{"start":{"line":9,"column":60},"end":{"line":9,"column":215}},"line":9},"6":{"name":"_inherits","decl":{"start":{"line":11,"column":9},"end":{"line":11,"column":18}},"loc":{"start":{"line":11,"column":41},"end":{"line":11,"column":385}},"line":11},"7":{"name":"_setPrototypeOf","decl":{"start":{"line":13,"column":9},"end":{"line":13,"column":24}},"loc":{"start":{"line":13,"column":31},"end":{"line":13,"column":170}},"line":13},"8":{"name":"_setPrototypeOf","decl":{"start":{"line":13,"column":85},"end":{"line":13,"column":100}},"loc":{"start":{"line":13,"column":107},"end":{"line":13,"column":137}},"line":13},"9":{"name":"_createSuper","decl":{"start":{"line":15,"column":9},"end":{"line":15,"column":21}},"loc":{"start":{"line":15,"column":31},"end":{"line":15,"column":425}},"line":15},"10":{"name":"_createSuperInternal","decl":{"start":{"line":15,"column":110},"end":{"line":15,"column":130}},"loc":{"start":{"line":15,"column":133},"end":{"line":15,"column":422}},"line":15},"11":{"name":"_possibleConstructorReturn","decl":{"start":{"line":17,"column":9},"end":{"line":17,"column":35}},"loc":{"start":{"line":17,"column":48},"end":{"line":17,"column":177}},"line":17},"12":{"name":"_assertThisInitialized","decl":{"start":{"line":19,"column":9},"end":{"line":19,"column":31}},"loc":{"start":{"line":19,"column":38},"end":{"line":19,"column":166}},"line":19},"13":{"name":"_isNativeReflectConstruct","decl":{"start":{"line":21,"column":9},"end":{"line":21,"column":34}},"loc":{"start":{"line":21,"column":37},"end":{"line":21,"column":324}},"line":21},"14":{"name":"(anonymous_14)","decl":{"start":{"line":21,"column":262},"end":{"line":21,"column":263}},"loc":{"start":{"line":21,"column":274},"end":{"line":21,"column":276}},"line":21},"15":{"name":"_getPrototypeOf","decl":{"start":{"line":23,"column":9},"end":{"line":23,"column":24}},"loc":{"start":{"line":23,"column":28},"end":{"line":23,"column":205}},"line":23},"16":{"name":"_getPrototypeOf","decl":{"start":{"line":23,"column":105},"end":{"line":23,"column":120}},"loc":{"start":{"line":23,"column":124},"end":{"line":23,"column":175}},"line":23},"17":{"name":"(anonymous_17)","decl":{"start":{"line":28,"column":17},"end":{"line":28,"column":18}},"loc":{"start":{"line":28,"column":49},"end":{"line":74,"column":1}},"line":28},"18":{"name":"(anonymous_18)","decl":{"start":{"line":29,"column":26},"end":{"line":29,"column":27}},"loc":{"start":{"line":29,"column":44},"end":{"line":53,"column":3}},"line":29},"19":{"name":"Book","decl":{"start":{"line":34,"column":13},"end":{"line":34,"column":17}},"loc":{"start":{"line":34,"column":20},"end":{"line":38,"column":5}},"line":34},"20":{"name":"associate","decl":{"start":{"line":48,"column":22},"end":{"line":48,"column":31}},"loc":{"start":{"line":48,"column":40},"end":{"line":49,"column":7}},"line":48}},"branchMap":{"0":{"loc":{"start":{"line":3,"column":51},"end":{"line":3,"column":355}},"type":"if","locations":[{"start":{"line":3,"column":51},"end":{"line":3,"column":355}},{"start":{"line":3,"column":51},"end":{"line":3,"column":355}}],"line":3},"1":{"loc":{"start":{"line":3,"column":55},"end":{"line":3,"column":122}},"type":"binary-expr","locations":[{"start":{"line":3,"column":55},"end":{"line":3,"column":83}},{"start":{"line":3,"column":87},"end":{"line":3,"column":122}}],"line":3},"2":{"loc":{"start":{"line":3,"column":232},"end":{"line":3,"column":349}},"type":"cond-expr","locations":[{"start":{"line":3,"column":328},"end":{"line":3,"column":336}},{"start":{"line":3,"column":339},"end":{"line":3,"column":349}}],"line":3},"3":{"loc":{"start":{"line":3,"column":232},"end":{"line":3,"column":325}},"type":"binary-expr","locations":[{"start":{"line":3,"column":232},"end":{"line":3,"column":235}},{"start":{"line":3,"column":239},"end":{"line":3,"column":267}},{"start":{"line":3,"column":271},"end":{"line":3,"column":297}},{"start":{"line":3,"column":301},"end":{"line":3,"column":325}}],"line":3},"4":{"loc":{"start":{"line":5,"column":50},"end":{"line":5,"column":151}},"type":"if","locations":[{"start":{"line":5,"column":50},"end":{"line":5,"column":151}},{"start":{"line":5,"column":50},"end":{"line":5,"column":151}}],"line":5},"5":{"loc":{"start":{"line":7,"column":136},"end":{"line":7,"column":166}},"type":"binary-expr","locations":[{"start":{"line":7,"column":136},"end":{"line":7,"column":157}},{"start":{"line":7,"column":161},"end":{"line":7,"column":166}}],"line":7},"6":{"loc":{"start":{"line":7,"column":200},"end":{"line":7,"column":254}},"type":"if","locations":[{"start":{"line":7,"column":200},"end":{"line":7,"column":254}},{"start":{"line":7,"column":200},"end":{"line":7,"column":254}}],"line":7},"7":{"loc":{"start":{"line":9,"column":62},"end":{"line":9,"column":131}},"type":"if","locations":[{"start":{"line":9,"column":62},"end":{"line":9,"column":131}},{"start":{"line":9,"column":62},"end":{"line":9,"column":131}}],"line":9},"8":{"loc":{"start":{"line":9,"column":132},"end":{"line":9,"column":193}},"type":"if","locations":[{"start":{"line":9,"column":132},"end":{"line":9,"column":193}},{"start":{"line":9,"column":132},"end":{"line":9,"column":193}}],"line":9},"9":{"loc":{"start":{"line":11,"column":43},"end":{"line":11,"column":182}},"type":"if","locations":[{"start":{"line":11,"column":43},"end":{"line":11,"column":182}},{"start":{"line":11,"column":43},"end":{"line":11,"column":182}}],"line":11},"10":{"loc":{"start":{"line":11,"column":47},"end":{"line":11,"column":102}},"type":"binary-expr","locations":[{"start":{"line":11,"column":47},"end":{"line":11,"column":79}},{"start":{"line":11,"column":83},"end":{"line":11,"column":102}}],"line":11},"11":{"loc":{"start":{"line":11,"column":218},"end":{"line":11,"column":252}},"type":"binary-expr","locations":[{"start":{"line":11,"column":218},"end":{"line":11,"column":228}},{"start":{"line":11,"column":232},"end":{"line":11,"column":252}}],"line":11},"12":{"loc":{"start":{"line":11,"column":329},"end":{"line":11,"column":383}},"type":"if","locations":[{"start":{"line":11,"column":329},"end":{"line":11,"column":383}},{"start":{"line":11,"column":329},"end":{"line":11,"column":383}}],"line":11},"13":{"loc":{"start":{"line":13,"column":51},"end":{"line":13,"column":137}},"type":"binary-expr","locations":[{"start":{"line":13,"column":51},"end":{"line":13,"column":72}},{"start":{"line":13,"column":76},"end":{"line":13,"column":137}}],"line":13},"14":{"loc":{"start":{"line":15,"column":181},"end":{"line":15,"column":371}},"type":"if","locations":[{"start":{"line":15,"column":181},"end":{"line":15,"column":371}},{"start":{"line":15,"column":181},"end":{"line":15,"column":371}}],"line":15},"15":{"loc":{"start":{"line":17,"column":50},"end":{"line":17,"column":138}},"type":"if","locations":[{"start":{"line":17,"column":50},"end":{"line":17,"column":138}},{"start":{"line":17,"column":50},"end":{"line":17,"column":138}}],"line":17},"16":{"loc":{"start":{"line":17,"column":54},"end":{"line":17,"column":120}},"type":"binary-expr","locations":[{"start":{"line":17,"column":54},"end":{"line":17,"column":58}},{"start":{"line":17,"column":63},"end":{"line":17,"column":89}},{"start":{"line":17,"column":93},"end":{"line":17,"column":119}}],"line":17},"17":{"loc":{"start":{"line":19,"column":40},"end":{"line":19,"column":151}},"type":"if","locations":[{"start":{"line":19,"column":40},"end":{"line":19,"column":151}},{"start":{"line":19,"column":40},"end":{"line":19,"column":151}}],"line":19},"18":{"loc":{"start":{"line":21,"column":39},"end":{"line":21,"column":110}},"type":"if","locations":[{"start":{"line":21,"column":39},"end":{"line":21,"column":110}},{"start":{"line":21,"column":39},"end":{"line":21,"column":110}}],"line":21},"19":{"loc":{"start":{"line":21,"column":43},"end":{"line":21,"column":95}},"type":"binary-expr","locations":[{"start":{"line":21,"column":43},"end":{"line":21,"column":73}},{"start":{"line":21,"column":77},"end":{"line":21,"column":95}}],"line":21},"20":{"loc":{"start":{"line":21,"column":111},"end":{"line":21,"column":152}},"type":"if","locations":[{"start":{"line":21,"column":111},"end":{"line":21,"column":152}},{"start":{"line":21,"column":111},"end":{"line":21,"column":152}}],"line":21},"21":{"loc":{"start":{"line":21,"column":153},"end":{"line":21,"column":198}},"type":"if","locations":[{"start":{"line":21,"column":153},"end":{"line":21,"column":198}},{"start":{"line":21,"column":153},"end":{"line":21,"column":198}}],"line":21},"22":{"loc":{"start":{"line":23,"column":48},"end":{"line":23,"column":175}},"type":"cond-expr","locations":[{"start":{"line":23,"column":72},"end":{"line":23,"column":93}},{"start":{"line":23,"column":96},"end":{"line":23,"column":175}}],"line":23},"23":{"loc":{"start":{"line":23,"column":133},"end":{"line":23,"column":172}},"type":"binary-expr","locations":[{"start":{"line":23,"column":133},"end":{"line":23,"column":144}},{"start":{"line":23,"column":148},"end":{"line":23,"column":172}}],"line":23}},"s":{"0":0,"1":0,"2":0,"3":0,"4":0,"5":0,"6":0,"7":0,"8":1,"9":1,"10":1,"11":1,"12":1,"13":1,"14":1,"15":1,"16":1,"17":0,"18":1,"19":1,"20":1,"21":1,"22":0,"23":1,"24":1,"25":1,"26":1,"27":0,"28":0,"29":1,"30":1,"31":1,"32":0,"33":0,"34":0,"35":0,"36":0,"37":0,"38":0,"39":0,"40":0,"41":0,"42":0,"43":0,"44":1,"45":0,"46":1,"47":0,"48":1,"49":1,"50":0,"51":0,"52":0,"53":0,"54":0,"55":0,"56":0,"57":1,"58":1,"59":1,"60":1,"61":1,"62":1,"63":0,"64":0,"65":1,"66":1,"67":1,"68":1},"f":{"0":0,"1":0,"2":0,"3":0,"4":1,"5":1,"6":1,"7":1,"8":0,"9":1,"10":0,"11":0,"12":0,"13":1,"14":0,"15":0,"16":0,"17":1,"18":1,"19":0,"20":1},"b":{"0":[0,0],"1":[0,0],"2":[0,0],"3":[0,0,0,0],"4":[0,0],"5":[1,1],"6":[1,0],"7":[0,1],"8":[1,0],"9":[0,1],"10":[1,0],"11":[1,1],"12":[1,0],"13":[1,0],"14":[0,0],"15":[0,0],"16":[0,0,0],"17":[0,0],"18":[0,1],"19":[1,1],"20":[0,1],"21":[1,0],"22":[0,0],"23":[0,0]},"inputSourceMap":{"version":3,"sources":["book.js"],"names":["require","Model","module","exports","sequelize","DataTypes","Book","models","init","title","type","STRING","allowNull","price","description","modelName"],"mappings":"AAAA;;;;;;;;;;;;;;;;;;;;;;;;eAGIA,OAAO,CAAC,WAAD,C;IADTC,K,YAAAA,K;;AAEFC,MAAM,CAACC,OAAP,GAAiB,UAACC,SAAD,EAAYC,SAAZ,EAA0B;AAAA,MACnCC,IADmC;AAAA;;AAAA;;AAAA;AAAA;;AAAA;AAAA;;AAAA;AAAA;;AAEvC;;;;;AAFuC,gCAOtBC,MAPsB,EAOd,CACvB;AACD;AATsC;;AAAA;AAAA,IACtBN,KADsB;;AAUxC;AACDK,EAAAA,IAAI,CAACE,IAAL,CAAU;AACRC,IAAAA,KAAK,EAAE;AAACC,MAAAA,IAAI,EAAEL,SAAS,CAACM,MAAjB;AAAyBC,MAAAA,SAAS,EAAE;AAApC,KADC;AAERC,IAAAA,KAAK,EAAE;AAACH,MAAAA,IAAI,EAAEL,SAAS,CAACM,MAAjB;AAAyBC,MAAAA,SAAS,EAAE;AAApC,KAFC;AAGRE,IAAAA,WAAW,EAAE;AAACJ,MAAAA,IAAI,EAAEL,SAAS,CAACM,MAAjB;AAAyBC,MAAAA,SAAS,EAAE;AAApC;AAHL,GAAV,EAIG;AAAER,IAAAA,SAAS,EAATA,SAAF;AAAaW,IAAAA,SAAS,EAAE;AAAxB,GAJH;AAKA,SAAOT,IAAP;AACD,CAjBD","sourceRoot":"C:\\Users\\ITS-TECH-DEV-03.LAPTOP-G2R915KD\\Desktop\\book-app\\api\\server\\src\\models\\","sourcesContent":["'use strict';\nconst {\n  Model\n} = require('sequelize');\nmodule.exports = (sequelize, DataTypes) => {\n  class Book extends Model {\n    /**\n     * Helper method for defining associations.\n     * This method is not a part of Sequelize lifecycle.\n     * The `models/index` file will call this method automatically.\n     */\n    static associate(models) {\n      // define association here\n    }\n  };\n  Book.init({\n    title: {type: DataTypes.STRING, allowNull: false},\n    price: {type: DataTypes.STRING, allowNull: false},\n    description: {type: DataTypes.STRING, allowNull: false}\n  }, { sequelize, modelName: 'Book', });\n  return Book;\n};"]},"_coverageSchema":"1a1c01bbd47fc00a2c39e90264f33305004495a9","hash":"3ffaad0b88b3f20c24db6ff247f1425c2bc6505d","contentHash":"d3b6d2e852bf04619e99754bba658d34387de373c194106344fccbfee2dbeb66"}}